2012/05/13 20:47:47 [error] [exception.CHttpException.404] exception 'CHttpException' with message 'Unable to resolve the request "favicon.ico".' in /var/www/yii/framework/web/CWebApplication.php:281
Stack trace:
#0 /var/www/yii/framework/web/CWebApplication.php(136): CWebApplication->runController('favicon.ico')
#1 /var/www/yii/framework/base/CApplication.php(158): CWebApplication->processRequest()
#2 /var/www/blog5/index.php(13): CApplication->run()
#3 {main} REQUEST_URI=/favicon.ico
2012/05/13 20:48:03 [error] [exception.CHttpException.404] exception 'CHttpException' with message 'Unable to resolve the request "favicon.ico".' in /var/www/yii/framework/web/CWebApplication.php:281
Stack trace:
#0 /var/www/yii/framework/web/CWebApplication.php(136): CWebApplication->runController('favicon.ico')
#1 /var/www/yii/framework/base/CApplication.php(158): CWebApplication->processRequest()
#2 /var/www/blog5/index.php(13): CApplication->run()
#3 {main} REQUEST_URI=/favicon.ico
2012/05/13 20:50:15 [error] [exception.CHttpException.404] exception 'CHttpException' with message 'Unable to resolve the request "favicon.ico".' in /var/www/yii/framework/web/CWebApplication.php:281
Stack trace:
#0 /var/www/yii/framework/web/CWebApplication.php(136): CWebApplication->runController('favicon.ico')
#1 /var/www/yii/framework/base/CApplication.php(158): CWebApplication->processRequest()
#2 /var/www/blog5/index.php(13): CApplication->run()
#3 {main} REQUEST_URI=/favicon.ico
2012/05/13 20:50:15 [error] [exception.CHttpException.404] exception 'CHttpException' with message 'Unable to resolve the request "favicon.ico".' in /var/www/yii/framework/web/CWebApplication.php:281
Stack trace:
#0 /var/www/yii/framework/web/CWebApplication.php(136): CWebApplication->runController('favicon.ico')
#1 /var/www/yii/framework/base/CApplication.php(158): CWebApplication->processRequest()
#2 /var/www/blog5/index.php(13): CApplication->run()
#3 {main} REQUEST_URI=/favicon.ico
2012/05/13 20:50:33 [error] [exception.CHttpException.404] exception 'CHttpException' with message 'Unable to resolve the request "favicon.ico".' in /var/www/yii/framework/web/CWebApplication.php:281
Stack trace:
#0 /var/www/yii/framework/web/CWebApplication.php(136): CWebApplication->runController('favicon.ico')
#1 /var/www/yii/framework/base/CApplication.php(158): CWebApplication->processRequest()
#2 /var/www/blog5/index.php(13): CApplication->run()
#3 {main} REQUEST_URI=/favicon.ico
2012/05/13 20:51:45 [error] [exception.CHttpException.404] exception 'CHttpException' with message 'Unable to resolve the request "favicon.ico".' in /var/www/yii/framework/web/CWebApplication.php:281
Stack trace:
#0 /var/www/yii/framework/web/CWebApplication.php(136): CWebApplication->runController('favicon.ico')
#1 /var/www/yii/framework/base/CApplication.php(158): CWebApplication->processRequest()
#2 /var/www/blog5/index.php(13): CApplication->run()
#3 {main} REQUEST_URI=/favicon.ico
2012/05/13 20:54:12 [error] [exception.CException] exception 'CException' with message 'ETinyMce must specify "model" and "attribute" or "name" property values.' in /var/www/yii/framework/web/widgets/CInputWidget.php:61
Stack trace:
#0 /var/www/blog5/protected/extensions/tinymce/ETinyMce.php(860): CInputWidget->resolveNameID()
#1 /var/www/yii/framework/web/CBaseController.php(140): ETinyMce->init()
#2 /var/www/yii/framework/web/CBaseController.php(165): CBaseController->createWidget('application.ext...', Array)
#3 /var/www/blog5/protected/modules/elfinder/views/default/index.php(2): CBaseController->widget('application.ext...', Array)
#4 /var/www/yii/framework/web/CBaseController.php(119): require('/var/www/blog5/...')
#5 /var/www/yii/framework/web/CBaseController.php(88): CBaseController->renderInternal('/var/www/blog5/...', NULL, true)
#6 /var/www/yii/framework/web/CController.php(866): CBaseController->renderFile('/var/www/blog5/...', NULL, true)
#7 /var/www/yii/framework/web/CController.php(779): CController->renderPartial('index', NULL, true)
#8 /var/www/blog5/protected/modules/elfinder/controllers/DefaultController.php(23): CController->render('index')
#9 /var/www/yii/framework/web/actions/CInlineAction.php(50): DefaultController->actionIndex()
#10 /var/www/yii/framework/web/CController.php(300): CInlineAction->runWithParams(Array)
#11 /var/www/yii/framework/web/CController.php(278): CController->runAction(Object(CInlineAction))
#12 /var/www/yii/framework/web/CController.php(257): CController->runActionWithFilters(Object(CInlineAction), Array)
#13 /var/www/yii/framework/web/CWebApplication.php(277): CController->run('')
#14 /var/www/yii/framework/web/CWebApplication.php(136): CWebApplication->runController('elfinder/defaul...')
#15 /var/www/yii/framework/base/CApplication.php(158): CWebApplication->processRequest()
#16 /var/www/blog5/index.php(13): CApplication->run()
#17 {main} REQUEST_URI=/elfinder/default
2012/05/13 20:54:13 [error] [exception.CHttpException.404] exception 'CHttpException' with message 'Unable to resolve the request "favicon.ico".' in /var/www/yii/framework/web/CWebApplication.php:281
Stack trace:
#0 /var/www/yii/framework/web/CWebApplication.php(136): CWebApplication->runController('favicon.ico')
#1 /var/www/yii/framework/base/CApplication.php(158): CWebApplication->processRequest()
#2 /var/www/blog5/index.php(13): CApplication->run()
#3 {main} REQUEST_URI=/favicon.ico
2012/05/14 00:27:11 [error] [exception.CHttpException.404] exception 'CHttpException' with message 'Unable to resolve the request "favicon.ico".' in /var/www/yii/framework/web/CWebApplication.php:281
Stack trace:
#0 /var/www/yii/framework/web/CWebApplication.php(136): CWebApplication->runController('favicon.ico')
#1 /var/www/yii/framework/base/CApplication.php(158): CWebApplication->processRequest()
#2 /var/www/blog5/index.php(13): CApplication->run()
#3 {main} REQUEST_URI=/favicon.ico
2012/05/14 00:27:18 [error] [exception.CException] exception 'CException' with message 'ETinyMce must specify "model" and "attribute" or "name" property values.' in /var/www/yii/framework/web/widgets/CInputWidget.php:61
Stack trace:
#0 /var/www/blog5/protected/extensions/tinymce/ETinyMce.php(860): CInputWidget->resolveNameID()
#1 /var/www/yii/framework/web/CBaseController.php(140): ETinyMce->init()
#2 /var/www/yii/framework/web/CBaseController.php(165): CBaseController->createWidget('application.ext...', Array)
#3 /var/www/blog5/protected/modules/elfinder/views/default/index.php(2): CBaseController->widget('application.ext...', Array)
#4 /var/www/yii/framework/web/CBaseController.php(119): require('/var/www/blog5/...')
#5 /var/www/yii/framework/web/CBaseController.php(88): CBaseController->renderInternal('/var/www/blog5/...', NULL, true)
#6 /var/www/yii/framework/web/CController.php(866): CBaseController->renderFile('/var/www/blog5/...', NULL, true)
#7 /var/www/yii/framework/web/CController.php(779): CController->renderPartial('index', NULL, true)
#8 /var/www/blog5/protected/modules/elfinder/controllers/DefaultController.php(23): CController->render('index')
#9 /var/www/yii/framework/web/actions/CInlineAction.php(50): DefaultController->actionIndex()
#10 /var/www/yii/framework/web/CController.php(300): CInlineAction->runWithParams(Array)
#11 /var/www/yii/framework/web/CController.php(278): CController->runAction(Object(CInlineAction))
#12 /var/www/yii/framework/web/CController.php(257): CController->runActionWithFilters(Object(CInlineAction), Array)
#13 /var/www/yii/framework/web/CWebApplication.php(277): CController->run('')
#14 /var/www/yii/framework/web/CWebApplication.php(136): CWebApplication->runController('elfinder/defaul...')
#15 /var/www/yii/framework/base/CApplication.php(158): CWebApplication->processRequest()
#16 /var/www/blog5/index.php(13): CApplication->run()
#17 {main} REQUEST_URI=/elfinder/default
2012/05/14 00:27:19 [error] [exception.CHttpException.404] exception 'CHttpException' with message 'Unable to resolve the request "favicon.ico".' in /var/www/yii/framework/web/CWebApplication.php:281
Stack trace:
#0 /var/www/yii/framework/web/CWebApplication.php(136): CWebApplication->runController('favicon.ico')
#1 /var/www/yii/framework/base/CApplication.php(158): CWebApplication->processRequest()
#2 /var/www/blog5/index.php(13): CApplication->run()
#3 {main} REQUEST_URI=/favicon.ico
2012/05/14 00:44:48 [error] [php] Undefined variable: model (/var/www/blog5/protected/modules/elfinder/views/default/index.php:3)
Stack trace:
#0 /var/www/yii/framework/web/CController.php(866): DefaultController->renderFile()
#1 /var/www/yii/framework/web/CController.php(779): DefaultController->renderPartial()
#2 /var/www/blog5/protected/modules/elfinder/controllers/DefaultController.php(23): DefaultController->render()
#3 /var/www/yii/framework/web/actions/CInlineAction.php(50): DefaultController->actionIndex()
#4 /var/www/yii/framework/web/CController.php(300): CInlineAction->runWithParams()
#5 /var/www/yii/framework/web/CController.php(278): DefaultController->runAction()
#6 /var/www/yii/framework/web/CController.php(257): DefaultController->runActionWithFilters()
#7 /var/www/yii/framework/web/CWebApplication.php(277): DefaultController->run()
#8 /var/www/yii/framework/web/CWebApplication.php(136): CWebApplication->runController()
#9 /var/www/yii/framework/base/CApplication.php(158): CWebApplication->processRequest()
#10 /var/www/blog5/index.php(13): CWebApplication->run()
REQUEST_URI=/elfinder/default
in /var/www/blog5/protected/modules/elfinder/views/default/index.php (3)
in /var/www/blog5/protected/modules/elfinder/controllers/DefaultController.php (23)
in /var/www/blog5/index.php (13)
2012/05/14 00:44:49 [error] [exception.CHttpException.404] exception 'CHttpException' with message 'Unable to resolve the request "favicon.ico".' in /var/www/yii/framework/web/CWebApplication.php:281
Stack trace:
#0 /var/www/yii/framework/web/CWebApplication.php(136): CWebApplication->runController('favicon.ico')
#1 /var/www/yii/framework/base/CApplication.php(158): CWebApplication->processRequest()
#2 /var/www/blog5/index.php(13): CApplication->run()
#3 {main} REQUEST_URI=/favicon.ico
2012/05/14 00:48:54 [error] [exception.CHttpException.404] exception 'CHttpException' with message 'Unable to resolve the request "favicon.ico".' in /var/www/yii/framework/web/CWebApplication.php:281
Stack trace:
#0 /var/www/yii/framework/web/CWebApplication.php(136): CWebApplication->runController('favicon.ico')
#1 /var/www/yii/framework/base/CApplication.php(158): CWebApplication->processRequest()
#2 /var/www/blog5/index.php(13): CApplication->run()
#3 {main} REQUEST_URI=/favicon.ico
2012/05/14 00:49:14 [error] [exception.CHttpException.404] exception 'CHttpException' with message 'Unable to resolve the request "favicon.ico".' in /var/www/yii/framework/web/CWebApplication.php:281
Stack trace:
#0 /var/www/yii/framework/web/CWebApplication.php(136): CWebApplication->runController('favicon.ico')
#1 /var/www/yii/framework/base/CApplication.php(158): CWebApplication->processRequest()
#2 /var/www/blog5/index.php(13): CApplication->run()
#3 {main} REQUEST_URI=/favicon.ico
2012/05/14 00:50:02 [error] [exception.CHttpException.404] exception 'CHttpException' with message 'Unable to resolve the request "favicon.ico".' in /var/www/yii/framework/web/CWebApplication.php:281
Stack trace:
#0 /var/www/yii/framework/web/CWebApplication.php(136): CWebApplication->runController('favicon.ico')
#1 /var/www/yii/framework/base/CApplication.php(158): CWebApplication->processRequest()
#2 /var/www/blog5/index.php(13): CApplication->run()
#3 {main} REQUEST_URI=/favicon.ico
2012/05/14 00:56:45 [error] [exception.CHttpException.404] exception 'CHttpException' with message 'Unable to resolve the request "favicon.ico".' in /var/www/yii/framework/web/CWebApplication.php:281
Stack trace:
#0 /var/www/yii/framework/web/CWebApplication.php(136): CWebApplication->runController('favicon.ico')
#1 /var/www/yii/framework/base/CApplication.php(158): CWebApplication->processRequest()
#2 /var/www/blog5/index.php(13): CApplication->run()
#3 {main} REQUEST_URI=/favicon.ico
2012/05/14 01:36:06 [error] [php] Undefined variable: model (/var/www/blog5/protected/modules/elfinder/views/default/index.php:3)
Stack trace:
#0 /var/www/yii/framework/web/CController.php(866): DefaultController->renderFile()
#1 /var/www/yii/framework/web/CController.php(779): DefaultController->renderPartial()
#2 /var/www/blog5/protected/modules/elfinder/controllers/DefaultController.php(23): DefaultController->render()
#3 /var/www/yii/framework/web/actions/CInlineAction.php(50): DefaultController->actionIndex()
#4 /var/www/yii/framework/web/CController.php(300): CInlineAction->runWithParams()
#5 /var/www/yii/framework/web/CController.php(278): DefaultController->runAction()
#6 /var/www/yii/framework/web/CController.php(257): DefaultController->runActionWithFilters()
#7 /var/www/yii/framework/web/CWebApplication.php(277): DefaultController->run()
#8 /var/www/yii/framework/web/CWebApplication.php(136): CWebApplication->runController()
#9 /var/www/yii/framework/base/CApplication.php(158): CWebApplication->processRequest()
#10 /var/www/blog5/index.php(13): CWebApplication->run()
REQUEST_URI=/elfinder/default
in /var/www/blog5/protected/modules/elfinder/views/default/index.php (3)
in /var/www/blog5/protected/modules/elfinder/controllers/DefaultController.php (23)
in /var/www/blog5/index.php (13)
2012/05/14 01:36:06 [error] [exception.CHttpException.404] exception 'CHttpException' with message 'Unable to resolve the request "favicon.ico".' in /var/www/yii/framework/web/CWebApplication.php:281
Stack trace:
#0 /var/www/yii/framework/web/CWebApplication.php(136): CWebApplication->runController('favicon.ico')
#1 /var/www/yii/framework/base/CApplication.php(158): CWebApplication->processRequest()
#2 /var/www/blog5/index.php(13): CApplication->run()
#3 {main} REQUEST_URI=/favicon.ico
2012/05/14 01:44:07 [error] [exception.CHttpException.404] exception 'CHttpException' with message 'Unable to resolve the request "favicon.ico".' in /var/www/yii/framework/web/CWebApplication.php:281
Stack trace:
#0 /var/www/yii/framework/web/CWebApplication.php(136): CWebApplication->runController('favicon.ico')
#1 /var/www/yii/framework/base/CApplication.php(158): CWebApplication->processRequest()
#2 /var/www/blog5/index.php(13): CApplication->run()
#3 {main} REQUEST_URI=/favicon.ico
2012/05/14 01:45:26 [error] [exception.CHttpException.404] exception 'CHttpException' with message 'Unable to resolve the request "favicon.ico".' in /var/www/yii/framework/web/CWebApplication.php:281
Stack trace:
#0 /var/www/yii/framework/web/CWebApplication.php(136): CWebApplication->runController('favicon.ico')
#1 /var/www/yii/framework/base/CApplication.php(158): CWebApplication->processRequest()
#2 /var/www/blog5/index.php(13): CApplication->run()
#3 {main} REQUEST_URI=/favicon.ico
2012/05/14 01:45:28 [error] [exception.CHttpException.404] exception 'CHttpException' with message 'Unable to resolve the request "favicon.ico".' in /var/www/yii/framework/web/CWebApplication.php:281
Stack trace:
#0 /var/www/yii/framework/web/CWebApplication.php(136): CWebApplication->runController('favicon.ico')
#1 /var/www/yii/framework/base/CApplication.php(158): CWebApplication->processRequest()
#2 /var/www/blog5/index.php(13): CApplication->run()
#3 {main} REQUEST_URI=/favicon.ico
2012/05/14 01:45:48 [error] [exception.CHttpException.404] exception 'CHttpException' with message 'Unable to resolve the request "favicon.ico".' in /var/www/yii/framework/web/CWebApplication.php:281
Stack trace:
#0 /var/www/yii/framework/web/CWebApplication.php(136): CWebApplication->runController('favicon.ico')
#1 /var/www/yii/framework/base/CApplication.php(158): CWebApplication->processRequest()
#2 /var/www/blog5/index.php(13): CApplication->run()
#3 {main} REQUEST_URI=/favicon.ico
2012/05/14 01:45:49 [error] [exception.CHttpException.404] exception 'CHttpException' with message 'Unable to resolve the request "favicon.ico".' in /var/www/yii/framework/web/CWebApplication.php:281
Stack trace:
#0 /var/www/yii/framework/web/CWebApplication.php(136): CWebApplication->runController('favicon.ico')
#1 /var/www/yii/framework/base/CApplication.php(158): CWebApplication->processRequest()
#2 /var/www/blog5/index.php(13): CApplication->run()
#3 {main} REQUEST_URI=/favicon.ico
2012/05/14 01:45:50 [error] [exception.CHttpException.404] exception 'CHttpException' with message 'Unable to resolve the request "favicon.ico".' in /var/www/yii/framework/web/CWebApplication.php:281
Stack trace:
#0 /var/www/yii/framework/web/CWebApplication.php(136): CWebApplication->runController('favicon.ico')
#1 /var/www/yii/framework/base/CApplication.php(158): CWebApplication->processRequest()
#2 /var/www/blog5/index.php(13): CApplication->run()
#3 {main} REQUEST_URI=/favicon.ico
2012/05/14 01:46:25 [error] [exception.CHttpException.404] exception 'CHttpException' with message 'The system is unable to find the requested action "highslide".' in /var/www/yii/framework/web/CController.php:477
Stack trace:
#0 /var/www/yii/framework/web/CController.php(262): CController->missingAction('highslide')
#1 /var/www/yii/framework/web/CWebApplication.php(277): CController->run('highslide')
#2 /var/www/yii/framework/web/CWebApplication.php(136): CWebApplication->runController('post/highslide/...')
#3 /var/www/yii/framework/base/CApplication.php(158): CWebApplication->processRequest()
#4 /var/www/blog5/index.php(13): CApplication->run()
#5 {main} REQUEST_URI=/post/highslide/graphics/outlines/drop-shadow.png
2012/05/14 01:46:25 [error] [exception.CHttpException.404] exception 'CHttpException' with message 'The system is unable to find the requested action "highslide".' in /var/www/yii/framework/web/CController.php:477
Stack trace:
#0 /var/www/yii/framework/web/CController.php(262): CController->missingAction('highslide')
#1 /var/www/yii/framework/web/CWebApplication.php(277): CController->run('highslide')
#2 /var/www/yii/framework/web/CWebApplication.php(136): CWebApplication->runController('post/highslide/...')
#3 /var/www/yii/framework/base/CApplication.php(158): CWebApplication->processRequest()
#4 /var/www/blog5/index.php(13): CApplication->run()
#5 {main} REQUEST_URI=/post/highslide/graphics/zoomout.cur
2012/05/14 01:46:25 [error] [exception.CHttpException.404] exception 'CHttpException' with message 'Unable to resolve the request "favicon.ico".' in /var/www/yii/framework/web/CWebApplication.php:281
Stack trace:
#0 /var/www/yii/framework/web/CWebApplication.php(136): CWebApplication->runController('favicon.ico')
#1 /var/www/yii/framework/base/CApplication.php(158): CWebApplication->processRequest()
#2 /var/www/blog5/index.php(13): CApplication->run()
#3 {main} REQUEST_URI=/favicon.ico
2012/05/14 01:46:39 [error] [exception.CHttpException.404] exception 'CHttpException' with message 'The system is unable to find the requested action "css".' in /var/www/yii/framework/web/CController.php:477
Stack trace:
#0 /var/www/yii/framework/web/CController.php(262): CController->missingAction('css')
#1 /var/www/yii/framework/web/CWebApplication.php(277): CController->run('css')
#2 /var/www/yii/framework/web/CWebApplication.php(136): CWebApplication->runController('post/css/elfind...')
#3 /var/www/yii/framework/base/CApplication.php(158): CWebApplication->processRequest()
#4 /var/www/blog5/index.php(13): CApplication->run()
#5 {main} REQUEST_URI=/post/css/elfinder.min.css
2012/05/14 01:46:39 [error] [exception.CHttpException.404] exception 'CHttpException' with message 'The system is unable to find the requested action "css".' in /var/www/yii/framework/web/CController.php:477
Stack trace:
#0 /var/www/yii/framework/web/CController.php(262): CController->missingAction('css')
#1 /var/www/yii/framework/web/CWebApplication.php(277): CController->run('css')
#2 /var/www/yii/framework/web/CWebApplication.php(136): CWebApplication->runController('post/css/theme....')
#3 /var/www/yii/framework/base/CApplication.php(158): CWebApplication->processRequest()
#4 /var/www/blog5/index.php(13): CApplication->run()
#5 {main} REQUEST_URI=/post/css/theme.css
2012/05/14 01:46:39 [error] [exception.CHttpException.404] exception 'CHttpException' with message 'The system is unable to find the requested action "js".' in /var/www/yii/framework/web/CController.php:477
Stack trace:
#0 /var/www/yii/framework/web/CController.php(262): CController->missingAction('js')
#1 /var/www/yii/framework/web/CWebApplication.php(277): CController->run('js')
#2 /var/www/yii/framework/web/CWebApplication.php(136): CWebApplication->runController('post/js/elfinde...')
#3 /var/www/yii/framework/base/CApplication.php(158): CWebApplication->processRequest()
#4 /var/www/blog5/index.php(13): CApplication->run()
#5 {main} REQUEST_URI=/post/js/elfinder.min.js
2012/05/14 01:46:39 [error] [exception.CHttpException.404] exception 'CHttpException' with message 'The system is unable to find the requested action "js".' in /var/www/yii/framework/web/CController.php:477
Stack trace:
#0 /var/www/yii/framework/web/CController.php(262): CController->missingAction('js')
#1 /var/www/yii/framework/web/CWebApplication.php(277): CController->run('js')
#2 /var/www/yii/framework/web/CWebApplication.php(136): CWebApplication->runController('post/js/i18n/el...')
#3 /var/www/yii/framework/base/CApplication.php(158): CWebApplication->processRequest()
#4 /var/www/blog5/index.php(13): CApplication->run()
#5 {main} REQUEST_URI=/post/js/i18n/elfinder.ru.js
2012/05/14 01:46:39 [error] [exception.CHttpException.404] exception 'CHttpException' with message 'The system is unable to find the requested action "highslide".' in /var/www/yii/framework/web/CController.php:477
Stack trace:
#0 /var/www/yii/framework/web/CController.php(262): CController->missingAction('highslide')
#1 /var/www/yii/framework/web/CWebApplication.php(277): CController->run('highslide')
#2 /var/www/yii/framework/web/CWebApplication.php(136): CWebApplication->runController('post/highslide/...')
#3 /var/www/yii/framework/base/CApplication.php(158): CWebApplication->processRequest()
#4 /var/www/blog5/index.php(13): CApplication->run()
#5 {main} REQUEST_URI=/post/highslide/graphics/outlines/drop-shadow.png
2012/05/14 01:46:40 [error] [exception.CHttpException.404] exception 'CHttpException' with message 'The system is unable to find the requested action "highslide".' in /var/www/yii/framework/web/CController.php:477
Stack trace:
#0 /var/www/yii/framework/web/CController.php(262): CController->missingAction('highslide')
#1 /var/www/yii/framework/web/CWebApplication.php(277): CController->run('highslide')
#2 /var/www/yii/framework/web/CWebApplication.php(136): CWebApplication->runController('post/highslide/...')
#3 /var/www/yii/framework/base/CApplication.php(158): CWebApplication->processRequest()
#4 /var/www/blog5/index.php(13): CApplication->run()
#5 {main} REQUEST_URI=/post/highslide/graphics/zoomout.cur
2012/05/14 01:46:40 [error] [exception.CHttpException.404] exception 'CHttpException' with message 'Unable to resolve the request "favicon.ico".' in /var/www/yii/framework/web/CWebApplication.php:281
Stack trace:
#0 /var/www/yii/framework/web/CWebApplication.php(136): CWebApplication->runController('favicon.ico')
#1 /var/www/yii/framework/base/CApplication.php(158): CWebApplication->processRequest()
#2 /var/www/blog5/index.php(13): CApplication->run()
#3 {main} REQUEST_URI=/favicon.ico
2012/05/14 01:47:18 [error] [exception.CException] exception 'CException' with message 'Alias "application.widgets.elrtef.elRTE" is invalid. Make sure it points to an existing PHP file.' in /var/www/yii/framework/YiiBase.php:321
Stack trace:
#0 /var/www/yii/framework/web/CWidgetFactory.php(147): YiiBase::import('application.wid...', true)
#1 /var/www/yii/framework/web/CBaseController.php(139): CWidgetFactory->createWidget(Object(PostController), 'application.wid...', Array)
#2 /var/www/yii/framework/web/CBaseController.php(165): CBaseController->createWidget('application.wid...', Array)
#3 /var/www/blog5/themes/classic/views/post/elfinder.php(29): CBaseController->widget('application.wid...', Array)
#4 /var/www/yii/framework/web/CBaseController.php(119): require('/var/www/blog5/...')
#5 /var/www/yii/framework/web/CBaseController.php(88): CBaseController->renderInternal('/var/www/blog5/...', Array, true)
#6 /var/www/yii/framework/web/CController.php(866): CBaseController->renderFile('/var/www/blog5/...', Array, true)
#7 /var/www/yii/framework/web/CController.php(779): CController->renderPartial('elfinder', Array, true)
#8 /var/www/blog5/protected/controllers/PostController.php(167): CController->render('elfinder', Array)
#9 /var/www/yii/framework/web/actions/CInlineAction.php(50): PostController->actionElfinder()
#10 /var/www/yii/framework/web/CController.php(300): CInlineAction->runWithParams(Array)
#11 /var/www/yii/framework/web/filters/CFilterChain.php(134): CController->runAction(Object(CInlineAction))
#12 /var/www/yii/framework/web/filters/CFilter.php(41): CFilterChain->run()
#13 /var/www/yii/framework/web/CController.php(1144): CFilter->filter(Object(CFilterChain))
#14 /var/www/yii/framework/web/filters/CInlineFilter.php(59): CController->filterAccessControl(Object(CFilterChain))
#15 /var/www/yii/framework/web/filters/CFilterChain.php(131): CInlineFilter->filter(Object(CFilterChain))
#16 /var/www/yii/framework/web/CController.php(283): CFilterChain->run()
#17 /var/www/yii/framework/web/CController.php(257): CController->runActionWithFilters(Object(CInlineAction), Array)
#18 /var/www/yii/framework/web/CWebApplication.php(277): CController->run('elfinder')
#19 /var/www/yii/framework/web/CWebApplication.php(136): CWebApplication->runController('post/elfinder')
#20 /var/www/yii/framework/base/CApplication.php(158): CWebApplication->processRequest()
#21 /var/www/blog5/index.php(13): CApplication->run()
#22 {main} REQUEST_URI=/post/elfinder
2012/05/14 01:47:19 [error] [exception.CHttpException.404] exception 'CHttpException' with message 'Unable to resolve the request "favicon.ico".' in /var/www/yii/framework/web/CWebApplication.php:281
Stack trace:
#0 /var/www/yii/framework/web/CWebApplication.php(136): CWebApplication->runController('favicon.ico')
#1 /var/www/yii/framework/base/CApplication.php(158): CWebApplication->processRequest()
#2 /var/www/blog5/index.php(13): CApplication->run()
#3 {main} REQUEST_URI=/favicon.ico
2012/05/14 01:48:57 [error] [exception.CException] exception 'CException' with message 'Alias "application.ext.elrtef.elRTE" is invalid. Make sure it points to an existing PHP file.' in /var/www/yii/framework/YiiBase.php:321
Stack trace:
#0 /var/www/yii/framework/web/CWidgetFactory.php(147): YiiBase::import('application.ext...', true)
#1 /var/www/yii/framework/web/CBaseController.php(139): CWidgetFactory->createWidget(Object(PostController), 'application.ext...', Array)
#2 /var/www/yii/framework/web/CBaseController.php(165): CBaseController->createWidget('application.ext...', Array)
#3 /var/www/blog5/themes/classic/views/post/elfinder.php(29): CBaseController->widget('application.ext...', Array)
#4 /var/www/yii/framework/web/CBaseController.php(119): require('/var/www/blog5/...')
#5 /var/www/yii/framework/web/CBaseController.php(88): CBaseController->renderInternal('/var/www/blog5/...', Array, true)
#6 /var/www/yii/framework/web/CController.php(866): CBaseController->renderFile('/var/www/blog5/...', Array, true)
#7 /var/www/yii/framework/web/CController.php(779): CController->renderPartial('elfinder', Array, true)
#8 /var/www/blog5/protected/controllers/PostController.php(167): CController->render('elfinder', Array)
#9 /var/www/yii/framework/web/actions/CInlineAction.php(50): PostController->actionElfinder()
#10 /var/www/yii/framework/web/CController.php(300): CInlineAction->runWithParams(Array)
#11 /var/www/yii/framework/web/filters/CFilterChain.php(134): CController->runAction(Object(CInlineAction))
#12 /var/www/yii/framework/web/filters/CFilter.php(41): CFilterChain->run()
#13 /var/www/yii/framework/web/CController.php(1144): CFilter->filter(Object(CFilterChain))
#14 /var/www/yii/framework/web/filters/CInlineFilter.php(59): CController->filterAccessControl(Object(CFilterChain))
#15 /var/www/yii/framework/web/filters/CFilterChain.php(131): CInlineFilter->filter(Object(CFilterChain))
#16 /var/www/yii/framework/web/CController.php(283): CFilterChain->run()
#17 /var/www/yii/framework/web/CController.php(257): CController->runActionWithFilters(Object(CInlineAction), Array)
#18 /var/www/yii/framework/web/CWebApplication.php(277): CController->run('elfinder')
#19 /var/www/yii/framework/web/CWebApplication.php(136): CWebApplication->runController('post/elfinder')
#20 /var/www/yii/framework/base/CApplication.php(158): CWebApplication->processRequest()
#21 /var/www/blog5/index.php(13): CApplication->run()
#22 {main} REQUEST_URI=/post/elfinder
2012/05/14 01:48:57 [error] [exception.CHttpException.404] exception 'CHttpException' with message 'Unable to resolve the request "favicon.ico".' in /var/www/yii/framework/web/CWebApplication.php:281
Stack trace:
#0 /var/www/yii/framework/web/CWebApplication.php(136): CWebApplication->runController('favicon.ico')
#1 /var/www/yii/framework/base/CApplication.php(158): CWebApplication->processRequest()
#2 /var/www/blog5/index.php(13): CApplication->run()
#3 {main} REQUEST_URI=/favicon.ico
2012/05/14 01:49:15 [error] [exception.CException] exception 'CException' with message 'Alias "application.extensions.elrtef.elRTE" is invalid. Make sure it points to an existing PHP file.' in /var/www/yii/framework/YiiBase.php:321
Stack trace:
#0 /var/www/yii/framework/web/CWidgetFactory.php(147): YiiBase::import('application.ext...', true)
#1 /var/www/yii/framework/web/CBaseController.php(139): CWidgetFactory->createWidget(Object(PostController), 'application.ext...', Array)
#2 /var/www/yii/framework/web/CBaseController.php(165): CBaseController->createWidget('application.ext...', Array)
#3 /var/www/blog5/themes/classic/views/post/elfinder.php(29): CBaseController->widget('application.ext...', Array)
#4 /var/www/yii/framework/web/CBaseController.php(119): require('/var/www/blog5/...')
#5 /var/www/yii/framework/web/CBaseController.php(88): CBaseController->renderInternal('/var/www/blog5/...', Array, true)
#6 /var/www/yii/framework/web/CController.php(866): CBaseController->renderFile('/var/www/blog5/...', Array, true)
#7 /var/www/yii/framework/web/CController.php(779): CController->renderPartial('elfinder', Array, true)
#8 /var/www/blog5/protected/controllers/PostController.php(167): CController->render('elfinder', Array)
#9 /var/www/yii/framework/web/actions/CInlineAction.php(50): PostController->actionElfinder()
#10 /var/www/yii/framework/web/CController.php(300): CInlineAction->runWithParams(Array)
#11 /var/www/yii/framework/web/filters/CFilterChain.php(134): CController->runAction(Object(CInlineAction))
#12 /var/www/yii/framework/web/filters/CFilter.php(41): CFilterChain->run()
#13 /var/www/yii/framework/web/CController.php(1144): CFilter->filter(Object(CFilterChain))
#14 /var/www/yii/framework/web/filters/CInlineFilter.php(59): CController->filterAccessControl(Object(CFilterChain))
#15 /var/www/yii/framework/web/filters/CFilterChain.php(131): CInlineFilter->filter(Object(CFilterChain))
#16 /var/www/yii/framework/web/CController.php(283): CFilterChain->run()
#17 /var/www/yii/framework/web/CController.php(257): CController->runActionWithFilters(Object(CInlineAction), Array)
#18 /var/www/yii/framework/web/CWebApplication.php(277): CController->run('elfinder')
#19 /var/www/yii/framework/web/CWebApplication.php(136): CWebApplication->runController('post/elfinder')
#20 /var/www/yii/framework/base/CApplication.php(158): CWebApplication->processRequest()
#21 /var/www/blog5/index.php(13): CApplication->run()
#22 {main} REQUEST_URI=/post/elfinder
2012/05/14 01:49:16 [error] [exception.CHttpException.404] exception 'CHttpException' with message 'Unable to resolve the request "favicon.ico".' in /var/www/yii/framework/web/CWebApplication.php:281
Stack trace:
#0 /var/www/yii/framework/web/CWebApplication.php(136): CWebApplication->runController('favicon.ico')
#1 /var/www/yii/framework/base/CApplication.php(158): CWebApplication->processRequest()
#2 /var/www/blog5/index.php(13): CApplication->run()
#3 {main} REQUEST_URI=/favicon.ico
2012/05/14 01:49:16 [error] [exception.CException] exception 'CException' with message 'Alias "application.extensions.elrtef.elRTE" is invalid. Make sure it points to an existing PHP file.' in /var/www/yii/framework/YiiBase.php:321
Stack trace:
#0 /var/www/yii/framework/web/CWidgetFactory.php(147): YiiBase::import('application.ext...', true)
#1 /var/www/yii/framework/web/CBaseController.php(139): CWidgetFactory->createWidget(Object(PostController), 'application.ext...', Array)
#2 /var/www/yii/framework/web/CBaseController.php(165): CBaseController->createWidget('application.ext...', Array)
#3 /var/www/blog5/themes/classic/views/post/elfinder.php(29): CBaseController->widget('application.ext...', Array)
#4 /var/www/yii/framework/web/CBaseController.php(119): require('/var/www/blog5/...')
#5 /var/www/yii/framework/web/CBaseController.php(88): CBaseController->renderInternal('/var/www/blog5/...', Array, true)
#6 /var/www/yii/framework/web/CController.php(866): CBaseController->renderFile('/var/www/blog5/...', Array, true)
#7 /var/www/yii/framework/web/CController.php(779): CController->renderPartial('elfinder', Array, true)
#8 /var/www/blog5/protected/controllers/PostController.php(167): CController->render('elfinder', Array)
#9 /var/www/yii/framework/web/actions/CInlineAction.php(50): PostController->actionElfinder()
#10 /var/www/yii/framework/web/CController.php(300): CInlineAction->runWithParams(Array)
#11 /var/www/yii/framework/web/filters/CFilterChain.php(134): CController->runAction(Object(CInlineAction))
#12 /var/www/yii/framework/web/filters/CFilter.php(41): CFilterChain->run()
#13 /var/www/yii/framework/web/CController.php(1144): CFilter->filter(Object(CFilterChain))
#14 /var/www/yii/framework/web/filters/CInlineFilter.php(59): CController->filterAccessControl(Object(CFilterChain))
#15 /var/www/yii/framework/web/filters/CFilterChain.php(131): CInlineFilter->filter(Object(CFilterChain))
#16 /var/www/yii/framework/web/CController.php(283): CFilterChain->run()
#17 /var/www/yii/framework/web/CController.php(257): CController->runActionWithFilters(Object(CInlineAction), Array)
#18 /var/www/yii/framework/web/CWebApplication.php(277): CController->run('elfinder')
#19 /var/www/yii/framework/web/CWebApplication.php(136): CWebApplication->runController('post/elfinder')
#20 /var/www/yii/framework/base/CApplication.php(158): CWebApplication->processRequest()
#21 /var/www/blog5/index.php(13): CApplication->run()
#22 {main} REQUEST_URI=/post/elfinder
2012/05/14 01:49:17 [error] [exception.CHttpException.404] exception 'CHttpException' with message 'Unable to resolve the request "favicon.ico".' in /var/www/yii/framework/web/CWebApplication.php:281
Stack trace:
#0 /var/www/yii/framework/web/CWebApplication.php(136): CWebApplication->runController('favicon.ico')
#1 /var/www/yii/framework/base/CApplication.php(158): CWebApplication->processRequest()
#2 /var/www/blog5/index.php(13): CApplication->run()
#3 {main} REQUEST_URI=/favicon.ico
2012/05/14 01:49:17 [error] [exception.CException] exception 'CException' with message 'Alias "application.extensions.elrtef.elRTE" is invalid. Make sure it points to an existing PHP file.' in /var/www/yii/framework/YiiBase.php:321
Stack trace:
#0 /var/www/yii/framework/web/CWidgetFactory.php(147): YiiBase::import('application.ext...', true)
#1 /var/www/yii/framework/web/CBaseController.php(139): CWidgetFactory->createWidget(Object(PostController), 'application.ext...', Array)
#2 /var/www/yii/framework/web/CBaseController.php(165): CBaseController->createWidget('application.ext...', Array)
#3 /var/www/blog5/themes/classic/views/post/elfinder.php(29): CBaseController->widget('application.ext...', Array)
#4 /var/www/yii/framework/web/CBaseController.php(119): require('/var/www/blog5/...')
#5 /var/www/yii/framework/web/CBaseController.php(88): CBaseController->renderInternal('/var/www/blog5/...', Array, true)
#6 /var/www/yii/framework/web/CController.php(866): CBaseController->renderFile('/var/www/blog5/...', Array, true)
#7 /var/www/yii/framework/web/CController.php(779): CController->renderPartial('elfinder', Array, true)
#8 /var/www/blog5/protected/controllers/PostController.php(167): CController->render('elfinder', Array)
#9 /var/www/yii/framework/web/actions/CInlineAction.php(50): PostController->actionElfinder()
#10 /var/www/yii/framework/web/CController.php(300): CInlineAction->runWithParams(Array)
#11 /var/www/yii/framework/web/filters/CFilterChain.php(134): CController->runAction(Object(CInlineAction))
#12 /var/www/yii/framework/web/filters/CFilter.php(41): CFilterChain->run()
#13 /var/www/yii/framework/web/CController.php(1144): CFilter->filter(Object(CFilterChain))
#14 /var/www/yii/framework/web/filters/CInlineFilter.php(59): CController->filterAccessControl(Object(CFilterChain))
#15 /var/www/yii/framework/web/filters/CFilterChain.php(131): CInlineFilter->filter(Object(CFilterChain))
#16 /var/www/yii/framework/web/CController.php(283): CFilterChain->run()
#17 /var/www/yii/framework/web/CController.php(257): CController->runActionWithFilters(Object(CInlineAction), Array)
#18 /var/www/yii/framework/web/CWebApplication.php(277): CController->run('elfinder')
#19 /var/www/yii/framework/web/CWebApplication.php(136): CWebApplication->runController('post/elfinder')
#20 /var/www/yii/framework/base/CApplication.php(158): CWebApplication->processRequest()
#21 /var/www/blog5/index.php(13): CApplication->run()
#22 {main} REQUEST_URI=/post/elfinder
2012/05/14 01:49:17 [error] [exception.CHttpException.404] exception 'CHttpException' with message 'Unable to resolve the request "favicon.ico".' in /var/www/yii/framework/web/CWebApplication.php:281
Stack trace:
#0 /var/www/yii/framework/web/CWebApplication.php(136): CWebApplication->runController('favicon.ico')
#1 /var/www/yii/framework/base/CApplication.php(158): CWebApplication->processRequest()
#2 /var/www/blog5/index.php(13): CApplication->run()
#3 {main} REQUEST_URI=/favicon.ico
2012/05/14 01:49:18 [error] [exception.CException] exception 'CException' with message 'Alias "application.extensions.elrtef.elRTE" is invalid. Make sure it points to an existing PHP file.' in /var/www/yii/framework/YiiBase.php:321
Stack trace:
#0 /var/www/yii/framework/web/CWidgetFactory.php(147): YiiBase::import('application.ext...', true)
#1 /var/www/yii/framework/web/CBaseController.php(139): CWidgetFactory->createWidget(Object(PostController), 'application.ext...', Array)
#2 /var/www/yii/framework/web/CBaseController.php(165): CBaseController->createWidget('application.ext...', Array)
#3 /var/www/blog5/themes/classic/views/post/elfinder.php(29): CBaseController->widget('application.ext...', Array)
#4 /var/www/yii/framework/web/CBaseController.php(119): require('/var/www/blog5/...')
#5 /var/www/yii/framework/web/CBaseController.php(88): CBaseController->renderInternal('/var/www/blog5/...', Array, true)
#6 /var/www/yii/framework/web/CController.php(866): CBaseController->renderFile('/var/www/blog5/...', Array, true)
#7 /var/www/yii/framework/web/CController.php(779): CController->renderPartial('elfinder', Array, true)
#8 /var/www/blog5/protected/controllers/PostController.php(167): CController->render('elfinder', Array)
#9 /var/www/yii/framework/web/actions/CInlineAction.php(50): PostController->actionElfinder()
#10 /var/www/yii/framework/web/CController.php(300): CInlineAction->runWithParams(Array)
#11 /var/www/yii/framework/web/filters/CFilterChain.php(134): CController->runAction(Object(CInlineAction))
#12 /var/www/yii/framework/web/filters/CFilter.php(41): CFilterChain->run()
#13 /var/www/yii/framework/web/CController.php(1144): CFilter->filter(Object(CFilterChain))
#14 /var/www/yii/framework/web/filters/CInlineFilter.php(59): CController->filterAccessControl(Object(CFilterChain))
#15 /var/www/yii/framework/web/filters/CFilterChain.php(131): CInlineFilter->filter(Object(CFilterChain))
#16 /var/www/yii/framework/web/CController.php(283): CFilterChain->run()
#17 /var/www/yii/framework/web/CController.php(257): CController->runActionWithFilters(Object(CInlineAction), Array)
#18 /var/www/yii/framework/web/CWebApplication.php(277): CController->run('elfinder')
#19 /var/www/yii/framework/web/CWebApplication.php(136): CWebApplication->runController('post/elfinder')
#20 /var/www/yii/framework/base/CApplication.php(158): CWebApplication->processRequest()
#21 /var/www/blog5/index.php(13): CApplication->run()
#22 {main} REQUEST_URI=/post/elfinder
2012/05/14 01:49:18 [error] [exception.CHttpException.404] exception 'CHttpException' with message 'Unable to resolve the request "favicon.ico".' in /var/www/yii/framework/web/CWebApplication.php:281
Stack trace:
#0 /var/www/yii/framework/web/CWebApplication.php(136): CWebApplication->runController('favicon.ico')
#1 /var/www/yii/framework/base/CApplication.php(158): CWebApplication->processRequest()
#2 /var/www/blog5/index.php(13): CApplication->run()
#3 {main} REQUEST_URI=/favicon.ico
2012/05/14 01:49:18 [error] [exception.CException] exception 'CException' with message 'Alias "application.extensions.elrtef.elRTE" is invalid. Make sure it points to an existing PHP file.' in /var/www/yii/framework/YiiBase.php:321
Stack trace:
#0 /var/www/yii/framework/web/CWidgetFactory.php(147): YiiBase::import('application.ext...', true)
#1 /var/www/yii/framework/web/CBaseController.php(139): CWidgetFactory->createWidget(Object(PostController), 'application.ext...', Array)
#2 /var/www/yii/framework/web/CBaseController.php(165): CBaseController->createWidget('application.ext...', Array)
#3 /var/www/blog5/themes/classic/views/post/elfinder.php(29): CBaseController->widget('application.ext...', Array)
#4 /var/www/yii/framework/web/CBaseController.php(119): require('/var/www/blog5/...')
#5 /var/www/yii/framework/web/CBaseController.php(88): CBaseController->renderInternal('/var/www/blog5/...', Array, true)
#6 /var/www/yii/framework/web/CController.php(866): CBaseController->renderFile('/var/www/blog5/...', Array, true)
#7 /var/www/yii/framework/web/CController.php(779): CController->renderPartial('elfinder', Array, true)
#8 /var/www/blog5/protected/controllers/PostController.php(167): CController->render('elfinder', Array)
#9 /var/www/yii/framework/web/actions/CInlineAction.php(50): PostController->actionElfinder()
#10 /var/www/yii/framework/web/CController.php(300): CInlineAction->runWithParams(Array)
#11 /var/www/yii/framework/web/filters/CFilterChain.php(134): CController->runAction(Object(CInlineAction))
#12 /var/www/yii/framework/web/filters/CFilter.php(41): CFilterChain->run()
#13 /var/www/yii/framework/web/CController.php(1144): CFilter->filter(Object(CFilterChain))
#14 /var/www/yii/framework/web/filters/CInlineFilter.php(59): CController->filterAccessControl(Object(CFilterChain))
#15 /var/www/yii/framework/web/filters/CFilterChain.php(131): CInlineFilter->filter(Object(CFilterChain))
#16 /var/www/yii/framework/web/CController.php(283): CFilterChain->run()
#17 /var/www/yii/framework/web/CController.php(257): CController->runActionWithFilters(Object(CInlineAction), Array)
#18 /var/www/yii/framework/web/CWebApplication.php(277): CController->run('elfinder')
#19 /var/www/yii/framework/web/CWebApplication.php(136): CWebApplication->runController('post/elfinder')
#20 /var/www/yii/framework/base/CApplication.php(158): CWebApplication->processRequest()
#21 /var/www/blog5/index.php(13): CApplication->run()
#22 {main} REQUEST_URI=/post/elfinder
2012/05/14 01:49:19 [error] [exception.CHttpException.404] exception 'CHttpException' with message 'Unable to resolve the request "favicon.ico".' in /var/www/yii/framework/web/CWebApplication.php:281
Stack trace:
#0 /var/www/yii/framework/web/CWebApplication.php(136): CWebApplication->runController('favicon.ico')
#1 /var/www/yii/framework/base/CApplication.php(158): CWebApplication->processRequest()
#2 /var/www/blog5/index.php(13): CApplication->run()
#3 {main} REQUEST_URI=/favicon.ico
2012/05/14 01:50:14 [error] [php] Undefined index: text (/var/www/blog5/protected/extensions/elrtef/elRTE.php:112)
Stack trace:
#0 /var/www/yii/framework/web/CBaseController.php(119): require()
#1 /var/www/yii/framework/web/CBaseController.php(88): PostController->renderInternal()
#2 /var/www/yii/framework/web/CController.php(866): PostController->renderFile()
#3 /var/www/yii/framework/web/CController.php(779): PostController->renderPartial()
#4 /var/www/blog5/protected/controllers/PostController.php(167): PostController->render()
#5 /var/www/yii/framework/web/actions/CInlineAction.php(50): PostController->actionElfinder()
#6 /var/www/yii/framework/web/CController.php(300): CInlineAction->runWithParams()
#7 /var/www/yii/framework/web/filters/CFilterChain.php(134): PostController->runAction()
#8 /var/www/yii/framework/web/filters/CFilter.php(41): CFilterChain->run()
#9 /var/www/yii/framework/web/CController.php(1144): CAccessControlFilter->filter()
#10 /var/www/yii/framework/web/filters/CInlineFilter.php(59): PostController->filterAccessControl()
#11 /var/www/yii/framework/web/filters/CFilterChain.php(131): CInlineFilter->filter()
#12 /var/www/yii/framework/web/CController.php(283): CFilterChain->run()
#13 /var/www/yii/framework/web/CController.php(257): PostController->runActionWithFilters()
#14 /var/www/yii/framework/web/CWebApplication.php(277): PostController->run()
#15 /var/www/yii/framework/web/CWebApplication.php(136): CWebApplication->runController()
#16 /var/www/yii/framework/base/CApplication.php(158): CWebApplication->processRequest()
#17 /var/www/blog5/index.php(13): CWebApplication->run()
REQUEST_URI=/post/elfinder
in /var/www/blog5/protected/extensions/elrtef/elRTE.php (112)
in /var/www/blog5/themes/classic/views/post/elfinder.php (29)
in /var/www/blog5/protected/controllers/PostController.php (167)
2012/05/14 01:50:14 [error] [exception.CHttpException.404] exception 'CHttpException' with message 'Unable to resolve the request "favicon.ico".' in /var/www/yii/framework/web/CWebApplication.php:281
Stack trace:
#0 /var/www/yii/framework/web/CWebApplication.php(136): CWebApplication->runController('favicon.ico')
#1 /var/www/yii/framework/base/CApplication.php(158): CWebApplication->processRequest()
#2 /var/www/blog5/index.php(13): CApplication->run()
#3 {main} REQUEST_URI=/favicon.ico
2012/05/14 01:51:31 [error] [exception.CHttpException.404] exception 'CHttpException' with message 'The system is unable to find the requested action "highslide".' in /var/www/yii/framework/web/CController.php:477
Stack trace:
#0 /var/www/yii/framework/web/CController.php(262): CController->missingAction('highslide')
#1 /var/www/yii/framework/web/CWebApplication.php(277): CController->run('highslide')
#2 /var/www/yii/framework/web/CWebApplication.php(136): CWebApplication->runController('post/highslide/...')
#3 /var/www/yii/framework/base/CApplication.php(158): CWebApplication->processRequest()
#4 /var/www/blog5/index.php(13): CApplication->run()
#5 {main} REQUEST_URI=/post/highslide/graphics/outlines/drop-shadow.png
2012/05/14 01:51:31 [error] [exception.CHttpException.404] exception 'CHttpException' with message 'The system is unable to find the requested action "highslide".' in /var/www/yii/framework/web/CController.php:477
Stack trace:
#0 /var/www/yii/framework/web/CController.php(262): CController->missingAction('highslide')
#1 /var/www/yii/framework/web/CWebApplication.php(277): CController->run('highslide')
#2 /var/www/yii/framework/web/CWebApplication.php(136): CWebApplication->runController('post/highslide/...')
#3 /var/www/yii/framework/base/CApplication.php(158): CWebApplication->processRequest()
#4 /var/www/blog5/index.php(13): CApplication->run()
#5 {main} REQUEST_URI=/post/highslide/graphics/zoomout.cur
2012/05/14 01:51:31 [error] [exception.CHttpException.404] exception 'CHttpException' with message 'Unable to resolve the request "favicon.ico".' in /var/www/yii/framework/web/CWebApplication.php:281
Stack trace:
#0 /var/www/yii/framework/web/CWebApplication.php(136): CWebApplication->runController('favicon.ico')
#1 /var/www/yii/framework/base/CApplication.php(158): CWebApplication->processRequest()
#2 /var/www/blog5/index.php(13): CApplication->run()
#3 {main} REQUEST_URI=/favicon.ico
2012/05/14 01:51:46 [error] [exception.CHttpException.404] exception 'CHttpException' with message 'Unable to resolve the request "assets/6e306a01/elfinder/js/i18n/elfinder.en.js".' in /var/www/yii/framework/web/CWebApplication.php:281
Stack trace:
#0 /var/www/yii/framework/web/CWebApplication.php(136): CWebApplication->runController('assets/6e306a01...')
#1 /var/www/yii/framework/base/CApplication.php(158): CWebApplication->processRequest()
#2 /var/www/blog5/index.php(13): CApplication->run()
#3 {main} REQUEST_URI=/assets/6e306a01/elfinder/js/i18n/elfinder.en.js
2012/05/14 01:51:46 [error] [exception.CHttpException.404] exception 'CHttpException' with message 'The system is unable to find the requested action "highslide".' in /var/www/yii/framework/web/CController.php:477
Stack trace:
#0 /var/www/yii/framework/web/CController.php(262): CController->missingAction('highslide')
#1 /var/www/yii/framework/web/CWebApplication.php(277): CController->run('highslide')
#2 /var/www/yii/framework/web/CWebApplication.php(136): CWebApplication->runController('post/highslide/...')
#3 /var/www/yii/framework/base/CApplication.php(158): CWebApplication->processRequest()
#4 /var/www/blog5/index.php(13): CApplication->run()
#5 {main} REQUEST_URI=/post/highslide/graphics/outlines/drop-shadow.png
2012/05/14 01:51:46 [error] [exception.CHttpException.404] exception 'CHttpException' with message 'The system is unable to find the requested action "highslide".' in /var/www/yii/framework/web/CController.php:477
Stack trace:
#0 /var/www/yii/framework/web/CController.php(262): CController->missingAction('highslide')
#1 /var/www/yii/framework/web/CWebApplication.php(277): CController->run('highslide')
#2 /var/www/yii/framework/web/CWebApplication.php(136): CWebApplication->runController('post/highslide/...')
#3 /var/www/yii/framework/base/CApplication.php(158): CWebApplication->processRequest()
#4 /var/www/blog5/index.php(13): CApplication->run()
#5 {main} REQUEST_URI=/post/highslide/graphics/zoomout.cur
2012/05/14 01:51:47 [error] [exception.CHttpException.404] exception 'CHttpException' with message 'Unable to resolve the request "favicon.ico".' in /var/www/yii/framework/web/CWebApplication.php:281
Stack trace:
#0 /var/www/yii/framework/web/CWebApplication.php(136): CWebApplication->runController('favicon.ico')
#1 /var/www/yii/framework/base/CApplication.php(158): CWebApplication->processRequest()
#2 /var/www/blog5/index.php(13): CApplication->run()
#3 {main} REQUEST_URI=/favicon.ico
2012/05/14 01:54:14 [error] [exception.CHttpException.404] exception 'CHttpException' with message 'Unable to resolve the request "assets/6e306a01/elfinder/js/i18n/elfinder.en.js".' in /var/www/yii/framework/web/CWebApplication.php:281
Stack trace:
#0 /var/www/yii/framework/web/CWebApplication.php(136): CWebApplication->runController('assets/6e306a01...')
#1 /var/www/yii/framework/base/CApplication.php(158): CWebApplication->processRequest()
#2 /var/www/blog5/index.php(13): CApplication->run()
#3 {main} REQUEST_URI=/assets/6e306a01/elfinder/js/i18n/elfinder.en.js
2012/05/14 01:54:16 [error] [exception.CHttpException.404] exception 'CHttpException' with message 'The system is unable to find the requested action "highslide".' in /var/www/yii/framework/web/CController.php:477
Stack trace:
#0 /var/www/yii/framework/web/CController.php(262): CController->missingAction('highslide')
#1 /var/www/yii/framework/web/CWebApplication.php(277): CController->run('highslide')
#2 /var/www/yii/framework/web/CWebApplication.php(136): CWebApplication->runController('post/highslide/...')
#3 /var/www/yii/framework/base/CApplication.php(158): CWebApplication->processRequest()
#4 /var/www/blog5/index.php(13): CApplication->run()
#5 {main} REQUEST_URI=/post/highslide/graphics/outlines/drop-shadow.png
2012/05/14 01:54:16 [error] [exception.CHttpException.404] exception 'CHttpException' with message 'The system is unable to find the requested action "highslide".' in /var/www/yii/framework/web/CController.php:477
Stack trace:
#0 /var/www/yii/framework/web/CController.php(262): CController->missingAction('highslide')
#1 /var/www/yii/framework/web/CWebApplication.php(277): CController->run('highslide')
#2 /var/www/yii/framework/web/CWebApplication.php(136): CWebApplication->runController('post/highslide/...')
#3 /var/www/yii/framework/base/CApplication.php(158): CWebApplication->processRequest()
#4 /var/www/blog5/index.php(13): CApplication->run()
#5 {main} REQUEST_URI=/post/highslide/graphics/zoomout.cur
2012/05/14 01:54:16 [error] [exception.CHttpException.404] exception 'CHttpException' with message 'Unable to resolve the request "favicon.ico".' in /var/www/yii/framework/web/CWebApplication.php:281
Stack trace:
#0 /var/www/yii/framework/web/CWebApplication.php(136): CWebApplication->runController('favicon.ico')
#1 /var/www/yii/framework/base/CApplication.php(158): CWebApplication->processRequest()
#2 /var/www/blog5/index.php(13): CApplication->run()
#3 {main} REQUEST_URI=/favicon.ico
2012/05/14 01:55:38 [error] [exception.CHttpException.404] exception 'CHttpException' with message 'The system is unable to find the requested action "highslide".' in /var/www/yii/framework/web/CController.php:477
Stack trace:
#0 /var/www/yii/framework/web/CController.php(262): CController->missingAction('highslide')
#1 /var/www/yii/framework/web/CWebApplication.php(277): CController->run('highslide')
#2 /var/www/yii/framework/web/CWebApplication.php(136): CWebApplication->runController('post/highslide/...')
#3 /var/www/yii/framework/base/CApplication.php(158): CWebApplication->processRequest()
#4 /var/www/blog5/index.php(13): CApplication->run()
#5 {main} REQUEST_URI=/post/highslide/graphics/outlines/drop-shadow.png
2012/05/14 01:55:38 [error] [exception.CHttpException.404] exception 'CHttpException' with message 'The system is unable to find the requested action "highslide".' in /var/www/yii/framework/web/CController.php:477
Stack trace:
#0 /var/www/yii/framework/web/CController.php(262): CController->missingAction('highslide')
#1 /var/www/yii/framework/web/CWebApplication.php(277): CController->run('highslide')
#2 /var/www/yii/framework/web/CWebApplication.php(136): CWebApplication->runController('post/highslide/...')
#3 /var/www/yii/framework/base/CApplication.php(158): CWebApplication->processRequest()
#4 /var/www/blog5/index.php(13): CApplication->run()
#5 {main} REQUEST_URI=/post/highslide/graphics/zoomout.cur
2012/05/14 01:55:38 [error] [exception.CHttpException.404] exception 'CHttpException' with message 'Unable to resolve the request "favicon.ico".' in /var/www/yii/framework/web/CWebApplication.php:281
Stack trace:
#0 /var/www/yii/framework/web/CWebApplication.php(136): CWebApplication->runController('favicon.ico')
#1 /var/www/yii/framework/base/CApplication.php(158): CWebApplication->processRequest()
#2 /var/www/blog5/index.php(13): CApplication->run()
#3 {main} REQUEST_URI=/favicon.ico
2012/05/14 01:56:07 [error] [exception.CHttpException.404] exception 'CHttpException' with message 'Unable to resolve the request "favicon.ico".' in /var/www/yii/framework/web/CWebApplication.php:281
Stack trace:
#0 /var/www/yii/framework/web/CWebApplication.php(136): CWebApplication->runController('favicon.ico')
#1 /var/www/yii/framework/base/CApplication.php(158): CWebApplication->processRequest()
#2 /var/www/blog5/index.php(13): CApplication->run()
#3 {main} REQUEST_URI=/favicon.ico
2012/05/14 01:56:12 [error] [exception.CHttpException.404] exception 'CHttpException' with message 'The system is unable to find the requested action "highslide".' in /var/www/yii/framework/web/CController.php:477
Stack trace:
#0 /var/www/yii/framework/web/CController.php(262): CController->missingAction('highslide')
#1 /var/www/yii/framework/web/CWebApplication.php(277): CController->run('highslide')
#2 /var/www/yii/framework/web/CWebApplication.php(136): CWebApplication->runController('post/highslide/...')
#3 /var/www/yii/framework/base/CApplication.php(158): CWebApplication->processRequest()
#4 /var/www/blog5/index.php(13): CApplication->run()
#5 {main} REQUEST_URI=/post/highslide/graphics/zoomout.cur
2012/05/14 01:56:12 [error] [exception.CHttpException.404] exception 'CHttpException' with message 'The system is unable to find the requested action "highslide".' in /var/www/yii/framework/web/CController.php:477
Stack trace:
#0 /var/www/yii/framework/web/CController.php(262): CController->missingAction('highslide')
#1 /var/www/yii/framework/web/CWebApplication.php(277): CController->run('highslide')
#2 /var/www/yii/framework/web/CWebApplication.php(136): CWebApplication->runController('post/highslide/...')
#3 /var/www/yii/framework/base/CApplication.php(158): CWebApplication->processRequest()
#4 /var/www/blog5/index.php(13): CApplication->run()
#5 {main} REQUEST_URI=/post/highslide/graphics/outlines/drop-shadow.png
2012/05/14 01:56:13 [error] [exception.CHttpException.404] exception 'CHttpException' with message 'Unable to resolve the request "favicon.ico".' in /var/www/yii/framework/web/CWebApplication.php:281
Stack trace:
#0 /var/www/yii/framework/web/CWebApplication.php(136): CWebApplication->runController('favicon.ico')
#1 /var/www/yii/framework/base/CApplication.php(158): CWebApplication->processRequest()
#2 /var/www/blog5/index.php(13): CApplication->run()
#3 {main} REQUEST_URI=/favicon.ico
2012/05/14 01:59:20 [error] [php] Undefined variable: model (/var/www/blog5/protected/modules/elfinder/views/default/index.php:3)
Stack trace:
#0 /var/www/yii/framework/web/CController.php(866): DefaultController->renderFile()
#1 /var/www/yii/framework/web/CController.php(779): DefaultController->renderPartial()
#2 /var/www/blog5/protected/modules/elfinder/controllers/DefaultController.php(23): DefaultController->render()
#3 /var/www/yii/framework/web/actions/CInlineAction.php(50): DefaultController->actionIndex()
#4 /var/www/yii/framework/web/CController.php(300): CInlineAction->runWithParams()
#5 /var/www/yii/framework/web/CController.php(278): DefaultController->runAction()
#6 /var/www/yii/framework/web/CController.php(257): DefaultController->runActionWithFilters()
#7 /var/www/yii/framework/web/CWebApplication.php(277): DefaultController->run()
#8 /var/www/yii/framework/web/CWebApplication.php(136): CWebApplication->runController()
#9 /var/www/yii/framework/base/CApplication.php(158): CWebApplication->processRequest()
#10 /var/www/blog5/index.php(13): CWebApplication->run()
REQUEST_URI=/elfinder
in /var/www/blog5/protected/modules/elfinder/views/default/index.php (3)
in /var/www/blog5/protected/modules/elfinder/controllers/DefaultController.php (23)
in /var/www/blog5/index.php (13)
2012/05/14 01:59:22 [error] [exception.CHttpException.404] exception 'CHttpException' with message 'Unable to resolve the request "favicon.ico".' in /var/www/yii/framework/web/CWebApplication.php:281
Stack trace:
#0 /var/www/yii/framework/web/CWebApplication.php(136): CWebApplication->runController('favicon.ico')
#1 /var/www/yii/framework/base/CApplication.php(158): CWebApplication->processRequest()
#2 /var/www/blog5/index.php(13): CApplication->run()
#3 {main} REQUEST_URI=/favicon.ico
2012/05/14 02:01:28 [error] [exception.CException] exception 'CException' with message 'ETinyMce must specify "model" and "attribute" or "name" property values.' in /var/www/yii/framework/web/widgets/CInputWidget.php:61
Stack trace:
#0 /var/www/blog5/protected/extensions/tinymce/ETinyMce.php(860): CInputWidget->resolveNameID()
#1 /var/www/yii/framework/web/CBaseController.php(140): ETinyMce->init()
#2 /var/www/yii/framework/web/CBaseController.php(165): CBaseController->createWidget('application.ext...', Array)
#3 /var/www/blog5/protected/modules/elfinder/views/default/index.php(2): CBaseController->widget('application.ext...', Array)
#4 /var/www/yii/framework/web/CBaseController.php(119): require('/var/www/blog5/...')
#5 /var/www/yii/framework/web/CBaseController.php(88): CBaseController->renderInternal('/var/www/blog5/...', NULL, true)
#6 /var/www/yii/framework/web/CController.php(866): CBaseController->renderFile('/var/www/blog5/...', NULL, true)
#7 /var/www/yii/framework/web/CController.php(779): CController->renderPartial('index', NULL, true)
#8 /var/www/blog5/protected/modules/elfinder/controllers/DefaultController.php(23): CController->render('index')
#9 /var/www/yii/framework/web/actions/CInlineAction.php(50): DefaultController->actionIndex()
#10 /var/www/yii/framework/web/CController.php(300): CInlineAction->runWithParams(Array)
#11 /var/www/yii/framework/web/CController.php(278): CController->runAction(Object(CInlineAction))
#12 /var/www/yii/framework/web/CController.php(257): CController->runActionWithFilters(Object(CInlineAction), Array)
#13 /var/www/yii/framework/web/CWebApplication.php(277): CController->run('')
#14 /var/www/yii/framework/web/CWebApplication.php(136): CWebApplication->runController('elfinder')
#15 /var/www/yii/framework/base/CApplication.php(158): CWebApplication->processRequest()
#16 /var/www/blog5/index.php(13): CApplication->run()
#17 {main} REQUEST_URI=/elfinder
2012/05/14 02:01:28 [error] [exception.CHttpException.404] exception 'CHttpException' with message 'Unable to resolve the request "favicon.ico".' in /var/www/yii/framework/web/CWebApplication.php:281
Stack trace:
#0 /var/www/yii/framework/web/CWebApplication.php(136): CWebApplication->runController('favicon.ico')
#1 /var/www/yii/framework/base/CApplication.php(158): CWebApplication->processRequest()
#2 /var/www/blog5/index.php(13): CApplication->run()
#3 {main} REQUEST_URI=/favicon.ico
2012/05/14 02:02:40 [error] [exception.CHttpException.404] exception 'CHttpException' with message 'The system is unable to find the requested action "highslide".' in /var/www/yii/framework/web/CController.php:477
Stack trace:
#0 /var/www/yii/framework/web/CController.php(262): CController->missingAction('highslide')
#1 /var/www/yii/framework/web/CWebApplication.php(277): CController->run('highslide')
#2 /var/www/yii/framework/web/CWebApplication.php(136): CWebApplication->runController('post/highslide/...')
#3 /var/www/yii/framework/base/CApplication.php(158): CWebApplication->processRequest()
#4 /var/www/blog5/index.php(13): CApplication->run()
#5 {main} REQUEST_URI=/post/highslide/graphics/outlines/drop-shadow.png
2012/05/14 02:02:40 [error] [exception.CHttpException.404] exception 'CHttpException' with message 'The system is unable to find the requested action "highslide".' in /var/www/yii/framework/web/CController.php:477
Stack trace:
#0 /var/www/yii/framework/web/CController.php(262): CController->missingAction('highslide')
#1 /var/www/yii/framework/web/CWebApplication.php(277): CController->run('highslide')
#2 /var/www/yii/framework/web/CWebApplication.php(136): CWebApplication->runController('post/highslide/...')
#3 /var/www/yii/framework/base/CApplication.php(158): CWebApplication->processRequest()
#4 /var/www/blog5/index.php(13): CApplication->run()
#5 {main} REQUEST_URI=/post/highslide/graphics/zoomout.cur
2012/05/14 02:02:42 [error] [exception.CException] exception 'CException' with message 'ETinyMce must specify "model" and "attribute" or "name" property values.' in /var/www/yii/framework/web/widgets/CInputWidget.php:61
Stack trace:
#0 /var/www/blog5/protected/extensions/tinymce/ETinyMce.php(860): CInputWidget->resolveNameID()
#1 /var/www/yii/framework/web/CBaseController.php(140): ETinyMce->init()
#2 /var/www/yii/framework/web/CBaseController.php(165): CBaseController->createWidget('application.ext...', Array)
#3 /var/www/blog5/themes/classic/views/post/elfinder.php(32): CBaseController->widget('application.ext...', Array)
#4 /var/www/yii/framework/web/CBaseController.php(119): require('/var/www/blog5/...')
#5 /var/www/yii/framework/web/CBaseController.php(88): CBaseController->renderInternal('/var/www/blog5/...', Array, true)
#6 /var/www/yii/framework/web/CController.php(866): CBaseController->renderFile('/var/www/blog5/...', Array, true)
#7 /var/www/yii/framework/web/CController.php(779): CController->renderPartial('elfinder', Array, true)
#8 /var/www/blog5/protected/controllers/PostController.php(167): CController->render('elfinder', Array)
#9 /var/www/yii/framework/web/actions/CInlineAction.php(50): PostController->actionElfinder()
#10 /var/www/yii/framework/web/CController.php(300): CInlineAction->runWithParams(Array)
#11 /var/www/yii/framework/web/filters/CFilterChain.php(134): CController->runAction(Object(CInlineAction))
#12 /var/www/yii/framework/web/filters/CFilter.php(41): CFilterChain->run()
#13 /var/www/yii/framework/web/CController.php(1144): CFilter->filter(Object(CFilterChain))
#14 /var/www/yii/framework/web/filters/CInlineFilter.php(59): CController->filterAccessControl(Object(CFilterChain))
#15 /var/www/yii/framework/web/filters/CFilterChain.php(131): CInlineFilter->filter(Object(CFilterChain))
#16 /var/www/yii/framework/web/CController.php(283): CFilterChain->run()
#17 /var/www/yii/framework/web/CController.php(257): CController->runActionWithFilters(Object(CInlineAction), Array)
#18 /var/www/yii/framework/web/CWebApplication.php(277): CController->run('elfinder')
#19 /var/www/yii/framework/web/CWebApplication.php(136): CWebApplication->runController('post/elfinder')
#20 /var/www/yii/framework/base/CApplication.php(158): CWebApplication->processRequest()
#21 /var/www/blog5/index.php(13): CApplication->run()
#22 {main} REQUEST_URI=/post/elfinder
2012/05/14 02:02:43 [error] [exception.CHttpException.404] exception 'CHttpException' with message 'Unable to resolve the request "favicon.ico".' in /var/www/yii/framework/web/CWebApplication.php:281
Stack trace:
#0 /var/www/yii/framework/web/CWebApplication.php(136): CWebApplication->runController('favicon.ico')
#1 /var/www/yii/framework/base/CApplication.php(158): CWebApplication->processRequest()
#2 /var/www/blog5/index.php(13): CApplication->run()
#3 {main} REQUEST_URI=/favicon.ico
2012/05/14 02:03:03 [error] [exception.CHttpException.404] exception 'CHttpException' with message 'The system is unable to find the requested action "highslide".' in /var/www/yii/framework/web/CController.php:477
Stack trace:
#0 /var/www/yii/framework/web/CController.php(262): CController->missingAction('highslide')
#1 /var/www/yii/framework/web/CWebApplication.php(277): CController->run('highslide')
#2 /var/www/yii/framework/web/CWebApplication.php(136): CWebApplication->runController('post/highslide/...')
#3 /var/www/yii/framework/base/CApplication.php(158): CWebApplication->processRequest()
#4 /var/www/blog5/index.php(13): CApplication->run()
#5 {main} REQUEST_URI=/post/highslide/graphics/outlines/drop-shadow.png
2012/05/14 02:03:03 [error] [exception.CHttpException.404] exception 'CHttpException' with message 'The system is unable to find the requested action "highslide".' in /var/www/yii/framework/web/CController.php:477
Stack trace:
#0 /var/www/yii/framework/web/CController.php(262): CController->missingAction('highslide')
#1 /var/www/yii/framework/web/CWebApplication.php(277): CController->run('highslide')
#2 /var/www/yii/framework/web/CWebApplication.php(136): CWebApplication->runController('post/highslide/...')
#3 /var/www/yii/framework/base/CApplication.php(158): CWebApplication->processRequest()
#4 /var/www/blog5/index.php(13): CApplication->run()
#5 {main} REQUEST_URI=/post/highslide/graphics/zoomout.cur
2012/05/14 02:03:03 [error] [exception.CHttpException.404] exception 'CHttpException' with message 'Unable to resolve the request "favicon.ico".' in /var/www/yii/framework/web/CWebApplication.php:281
Stack trace:
#0 /var/www/yii/framework/web/CWebApplication.php(136): CWebApplication->runController('favicon.ico')
#1 /var/www/yii/framework/base/CApplication.php(158): CWebApplication->processRequest()
#2 /var/www/blog5/index.php(13): CApplication->run()
#3 {main} REQUEST_URI=/favicon.ico
2012/05/14 02:06:50 [error] [exception.CException] exception 'CException' with message 'ETinyMce must specify "model" and "attribute" or "name" property values.' in /var/www/yii/framework/web/widgets/CInputWidget.php:61
Stack trace:
#0 /var/www/blog5/protected/extensions/tinymce/ETinyMce.php(860): CInputWidget->resolveNameID()
#1 /var/www/yii/framework/web/CBaseController.php(140): ETinyMce->init()
#2 /var/www/yii/framework/web/CBaseController.php(165): CBaseController->createWidget('application.ext...', Array)
#3 /var/www/blog5/protected/modules/elfinder/views/default/index.php(2): CBaseController->widget('application.ext...', Array)
#4 /var/www/yii/framework/web/CBaseController.php(119): require('/var/www/blog5/...')
#5 /var/www/yii/framework/web/CBaseController.php(88): CBaseController->renderInternal('/var/www/blog5/...', NULL, true)
#6 /var/www/yii/framework/web/CController.php(866): CBaseController->renderFile('/var/www/blog5/...', NULL, true)
#7 /var/www/yii/framework/web/CController.php(779): CController->renderPartial('index', NULL, true)
#8 /var/www/blog5/protected/modules/elfinder/controllers/DefaultController.php(23): CController->render('index')
#9 /var/www/yii/framework/web/actions/CInlineAction.php(50): DefaultController->actionIndex()
#10 /var/www/yii/framework/web/CController.php(300): CInlineAction->runWithParams(Array)
#11 /var/www/yii/framework/web/CController.php(278): CController->runAction(Object(CInlineAction))
#12 /var/www/yii/framework/web/CController.php(257): CController->runActionWithFilters(Object(CInlineAction), Array)
#13 /var/www/yii/framework/web/CWebApplication.php(277): CController->run('')
#14 /var/www/yii/framework/web/CWebApplication.php(136): CWebApplication->runController('elfinder')
#15 /var/www/yii/framework/base/CApplication.php(158): CWebApplication->processRequest()
#16 /var/www/blog5/index.php(13): CApplication->run()
#17 {main} REQUEST_URI=/elfinder
2012/05/14 02:06:51 [error] [exception.CHttpException.404] exception 'CHttpException' with message 'Unable to resolve the request "favicon.ico".' in /var/www/yii/framework/web/CWebApplication.php:281
Stack trace:
#0 /var/www/yii/framework/web/CWebApplication.php(136): CWebApplication->runController('favicon.ico')
#1 /var/www/yii/framework/base/CApplication.php(158): CWebApplication->processRequest()
#2 /var/www/blog5/index.php(13): CApplication->run()
#3 {main} REQUEST_URI=/favicon.ico
2012/05/14 02:06:51 [error] [exception.CException] exception 'CException' with message 'ETinyMce must specify "model" and "attribute" or "name" property values.' in /var/www/yii/framework/web/widgets/CInputWidget.php:61
Stack trace:
#0 /var/www/blog5/protected/extensions/tinymce/ETinyMce.php(860): CInputWidget->resolveNameID()
#1 /var/www/yii/framework/web/CBaseController.php(140): ETinyMce->init()
#2 /var/www/yii/framework/web/CBaseController.php(165): CBaseController->createWidget('application.ext...', Array)
#3 /var/www/blog5/protected/modules/elfinder/views/default/index.php(2): CBaseController->widget('application.ext...', Array)
#4 /var/www/yii/framework/web/CBaseController.php(119): require('/var/www/blog5/...')
#5 /var/www/yii/framework/web/CBaseController.php(88): CBaseController->renderInternal('/var/www/blog5/...', NULL, true)
#6 /var/www/yii/framework/web/CController.php(866): CBaseController->renderFile('/var/www/blog5/...', NULL, true)
#7 /var/www/yii/framework/web/CController.php(779): CController->renderPartial('index', NULL, true)
#8 /var/www/blog5/protected/modules/elfinder/controllers/DefaultController.php(23): CController->render('index')
#9 /var/www/yii/framework/web/actions/CInlineAction.php(50): DefaultController->actionIndex()
#10 /var/www/yii/framework/web/CController.php(300): CInlineAction->runWithParams(Array)
#11 /var/www/yii/framework/web/CController.php(278): CController->runAction(Object(CInlineAction))
#12 /var/www/yii/framework/web/CController.php(257): CController->runActionWithFilters(Object(CInlineAction), Array)
#13 /var/www/yii/framework/web/CWebApplication.php(277): CController->run('')
#14 /var/www/yii/framework/web/CWebApplication.php(136): CWebApplication->runController('elfinder')
#15 /var/www/yii/framework/base/CApplication.php(158): CWebApplication->processRequest()
#16 /var/www/blog5/index.php(13): CApplication->run()
#17 {main} REQUEST_URI=/elfinder
2012/05/14 02:06:52 [error] [exception.CHttpException.404] exception 'CHttpException' with message 'Unable to resolve the request "favicon.ico".' in /var/www/yii/framework/web/CWebApplication.php:281
Stack trace:
#0 /var/www/yii/framework/web/CWebApplication.php(136): CWebApplication->runController('favicon.ico')
#1 /var/www/yii/framework/base/CApplication.php(158): CWebApplication->processRequest()
#2 /var/www/blog5/index.php(13): CApplication->run()
#3 {main} REQUEST_URI=/favicon.ico
2012/05/14 02:06:52 [error] [exception.CException] exception 'CException' with message 'ETinyMce must specify "model" and "attribute" or "name" property values.' in /var/www/yii/framework/web/widgets/CInputWidget.php:61
Stack trace:
#0 /var/www/blog5/protected/extensions/tinymce/ETinyMce.php(860): CInputWidget->resolveNameID()
#1 /var/www/yii/framework/web/CBaseController.php(140): ETinyMce->init()
#2 /var/www/yii/framework/web/CBaseController.php(165): CBaseController->createWidget('application.ext...', Array)
#3 /var/www/blog5/protected/modules/elfinder/views/default/index.php(2): CBaseController->widget('application.ext...', Array)
#4 /var/www/yii/framework/web/CBaseController.php(119): require('/var/www/blog5/...')
#5 /var/www/yii/framework/web/CBaseController.php(88): CBaseController->renderInternal('/var/www/blog5/...', NULL, true)
#6 /var/www/yii/framework/web/CController.php(866): CBaseController->renderFile('/var/www/blog5/...', NULL, true)
#7 /var/www/yii/framework/web/CController.php(779): CController->renderPartial('index', NULL, true)
#8 /var/www/blog5/protected/modules/elfinder/controllers/DefaultController.php(23): CController->render('index')
#9 /var/www/yii/framework/web/actions/CInlineAction.php(50): DefaultController->actionIndex()
#10 /var/www/yii/framework/web/CController.php(300): CInlineAction->runWithParams(Array)
#11 /var/www/yii/framework/web/CController.php(278): CController->runAction(Object(CInlineAction))
#12 /var/www/yii/framework/web/CController.php(257): CController->runActionWithFilters(Object(CInlineAction), Array)
#13 /var/www/yii/framework/web/CWebApplication.php(277): CController->run('')
#14 /var/www/yii/framework/web/CWebApplication.php(136): CWebApplication->runController('elfinder')
#15 /var/www/yii/framework/base/CApplication.php(158): CWebApplication->processRequest()
#16 /var/www/blog5/index.php(13): CApplication->run()
#17 {main} REQUEST_URI=/elfinder
2012/05/14 02:06:52 [error] [exception.CHttpException.404] exception 'CHttpException' with message 'Unable to resolve the request "favicon.ico".' in /var/www/yii/framework/web/CWebApplication.php:281
Stack trace:
#0 /var/www/yii/framework/web/CWebApplication.php(136): CWebApplication->runController('favicon.ico')
#1 /var/www/yii/framework/base/CApplication.php(158): CWebApplication->processRequest()
#2 /var/www/blog5/index.php(13): CApplication->run()
#3 {main} REQUEST_URI=/favicon.ico
2012/05/14 02:12:28 [error] [exception.CHttpException.404] exception 'CHttpException' with message 'Unable to resolve the request "highslide/graphics/zoomout.cur".' in /var/www/yii/framework/web/CWebApplication.php:281
Stack trace:
#0 /var/www/yii/framework/web/CWebApplication.php(136): CWebApplication->runController('highslide/graph...')
#1 /var/www/yii/framework/base/CApplication.php(158): CWebApplication->processRequest()
#2 /var/www/blog5/index.php(13): CApplication->run()
#3 {main} REQUEST_URI=/highslide/graphics/zoomout.cur
2012/05/14 02:12:28 [error] [exception.CHttpException.404] exception 'CHttpException' with message 'Unable to resolve the request "highslide/graphics/outlines/drop-shadow.png".' in /var/www/yii/framework/web/CWebApplication.php:281
Stack trace:
#0 /var/www/yii/framework/web/CWebApplication.php(136): CWebApplication->runController('highslide/graph...')
#1 /var/www/yii/framework/base/CApplication.php(158): CWebApplication->processRequest()
#2 /var/www/blog5/index.php(13): CApplication->run()
#3 {main} REQUEST_URI=/highslide/graphics/outlines/drop-shadow.png
2012/05/14 02:12:29 [error] [exception.CHttpException.404] exception 'CHttpException' with message 'Unable to resolve the request "favicon.ico".' in /var/www/yii/framework/web/CWebApplication.php:281
Stack trace:
#0 /var/www/yii/framework/web/CWebApplication.php(136): CWebApplication->runController('favicon.ico')
#1 /var/www/yii/framework/base/CApplication.php(158): CWebApplication->processRequest()
#2 /var/www/blog5/index.php(13): CApplication->run()
#3 {main} REQUEST_URI=/favicon.ico
2012/05/14 02:14:09 [error] [exception.CHttpException.404] exception 'CHttpException' with message 'Unable to resolve the request "highslide/graphics/outlines/drop-shadow.png".' in /var/www/yii/framework/web/CWebApplication.php:281
Stack trace:
#0 /var/www/yii/framework/web/CWebApplication.php(136): CWebApplication->runController('highslide/graph...')
#1 /var/www/yii/framework/base/CApplication.php(158): CWebApplication->processRequest()
#2 /var/www/blog5/index.php(13): CApplication->run()
#3 {main} REQUEST_URI=/highslide/graphics/outlines/drop-shadow.png
2012/05/14 02:14:09 [error] [exception.CHttpException.404] exception 'CHttpException' with message 'Unable to resolve the request "highslide/graphics/zoomout.cur".' in /var/www/yii/framework/web/CWebApplication.php:281
Stack trace:
#0 /var/www/yii/framework/web/CWebApplication.php(136): CWebApplication->runController('highslide/graph...')
#1 /var/www/yii/framework/base/CApplication.php(158): CWebApplication->processRequest()
#2 /var/www/blog5/index.php(13): CApplication->run()
#3 {main} REQUEST_URI=/highslide/graphics/zoomout.cur
2012/05/14 02:14:09 [error] [exception.CHttpException.404] exception 'CHttpException' with message 'Unable to resolve the request "favicon.ico".' in /var/www/yii/framework/web/CWebApplication.php:281
Stack trace:
#0 /var/www/yii/framework/web/CWebApplication.php(136): CWebApplication->runController('favicon.ico')
#1 /var/www/yii/framework/base/CApplication.php(158): CWebApplication->processRequest()
#2 /var/www/blog5/index.php(13): CApplication->run()
#3 {main} REQUEST_URI=/favicon.ico
2012/05/14 02:16:44 [error] [php] Undefined variable: form (/var/www/blog5/protected/modules/elfinder/views/default/index.php:2)
Stack trace:
#0 /var/www/yii/framework/web/CController.php(866): DefaultController->renderFile()
#1 /var/www/yii/framework/web/CController.php(779): DefaultController->renderPartial()
#2 /var/www/blog5/protected/modules/elfinder/controllers/DefaultController.php(23): DefaultController->render()
#3 /var/www/yii/framework/web/actions/CInlineAction.php(50): DefaultController->actionIndex()
#4 /var/www/yii/framework/web/CController.php(300): CInlineAction->runWithParams()
#5 /var/www/yii/framework/web/CController.php(278): DefaultController->runAction()
#6 /var/www/yii/framework/web/CController.php(257): DefaultController->runActionWithFilters()
#7 /var/www/yii/framework/web/CWebApplication.php(277): DefaultController->run()
#8 /var/www/yii/framework/web/CWebApplication.php(136): CWebApplication->runController()
#9 /var/www/yii/framework/base/CApplication.php(158): CWebApplication->processRequest()
#10 /var/www/blog5/index.php(13): CWebApplication->run()
REQUEST_URI=/elfinder
in /var/www/blog5/protected/modules/elfinder/views/default/index.php (2)
in /var/www/blog5/protected/modules/elfinder/controllers/DefaultController.php (23)
in /var/www/blog5/index.php (13)
2012/05/14 02:16:44 [error] [exception.CHttpException.404] exception 'CHttpException' with message 'Unable to resolve the request "favicon.ico".' in /var/www/yii/framework/web/CWebApplication.php:281
Stack trace:
#0 /var/www/yii/framework/web/CWebApplication.php(136): CWebApplication->runController('favicon.ico')
#1 /var/www/yii/framework/base/CApplication.php(158): CWebApplication->processRequest()
#2 /var/www/blog5/index.php(13): CApplication->run()
#3 {main} REQUEST_URI=/favicon.ico
2012/05/14 02:17:17 [error] [php] Undefined variable: post (/var/www/blog5/themes/classic/views/post/elfinder.php:36)
Stack trace:
#0 /var/www/yii/framework/web/CController.php(866): PostController->renderFile()
#1 /var/www/yii/framework/web/CController.php(779): PostController->renderPartial()
#2 /var/www/blog5/protected/controllers/PostController.php(167): PostController->render()
#3 /var/www/yii/framework/web/actions/CInlineAction.php(50): PostController->actionElfinder()
#4 /var/www/yii/framework/web/CController.php(300): CInlineAction->runWithParams()
#5 /var/www/yii/framework/web/filters/CFilterChain.php(134): PostController->runAction()
#6 /var/www/yii/framework/web/filters/CFilter.php(41): CFilterChain->run()
#7 /var/www/yii/framework/web/CController.php(1144): CAccessControlFilter->filter()
#8 /var/www/yii/framework/web/filters/CInlineFilter.php(59): PostController->filterAccessControl()
#9 /var/www/yii/framework/web/filters/CFilterChain.php(131): CInlineFilter->filter()
#10 /var/www/yii/framework/web/CController.php(283): CFilterChain->run()
#11 /var/www/yii/framework/web/CController.php(257): PostController->runActionWithFilters()
#12 /var/www/yii/framework/web/CWebApplication.php(277): PostController->run()
#13 /var/www/yii/framework/web/CWebApplication.php(136): CWebApplication->runController()
#14 /var/www/yii/framework/base/CApplication.php(158): CWebApplication->processRequest()
#15 /var/www/blog5/index.php(13): CWebApplication->run()
REQUEST_URI=/post/elfinder
in /var/www/blog5/themes/classic/views/post/elfinder.php (36)
in /var/www/blog5/protected/controllers/PostController.php (167)
in /var/www/blog5/index.php (13)
2012/05/14 02:17:17 [error] [exception.CHttpException.404] exception 'CHttpException' with message 'Unable to resolve the request "favicon.ico".' in /var/www/yii/framework/web/CWebApplication.php:281
Stack trace:
#0 /var/www/yii/framework/web/CWebApplication.php(136): CWebApplication->runController('favicon.ico')
#1 /var/www/yii/framework/base/CApplication.php(158): CWebApplication->processRequest()
#2 /var/www/blog5/index.php(13): CApplication->run()
#3 {main} REQUEST_URI=/favicon.ico
2012/05/14 02:18:11 [error] [php] Undefined variable: post (/var/www/blog5/themes/classic/views/post/elfinder.php:36)
Stack trace:
#0 /var/www/yii/framework/web/CController.php(866): PostController->renderFile()
#1 /var/www/yii/framework/web/CController.php(779): PostController->renderPartial()
#2 /var/www/blog5/protected/controllers/PostController.php(167): PostController->render()
#3 /var/www/yii/framework/web/actions/CInlineAction.php(50): PostController->actionElfinder()
#4 /var/www/yii/framework/web/CController.php(300): CInlineAction->runWithParams()
#5 /var/www/yii/framework/web/filters/CFilterChain.php(134): PostController->runAction()
#6 /var/www/yii/framework/web/filters/CFilter.php(41): CFilterChain->run()
#7 /var/www/yii/framework/web/CController.php(1144): CAccessControlFilter->filter()
#8 /var/www/yii/framework/web/filters/CInlineFilter.php(59): PostController->filterAccessControl()
#9 /var/www/yii/framework/web/filters/CFilterChain.php(131): CInlineFilter->filter()
#10 /var/www/yii/framework/web/CController.php(283): CFilterChain->run()
#11 /var/www/yii/framework/web/CController.php(257): PostController->runActionWithFilters()
#12 /var/www/yii/framework/web/CWebApplication.php(277): PostController->run()
#13 /var/www/yii/framework/web/CWebApplication.php(136): CWebApplication->runController()
#14 /var/www/yii/framework/base/CApplication.php(158): CWebApplication->processRequest()
#15 /var/www/blog5/index.php(13): CWebApplication->run()
REQUEST_URI=/post/elfinder
in /var/www/blog5/themes/classic/views/post/elfinder.php (36)
in /var/www/blog5/protected/controllers/PostController.php (167)
in /var/www/blog5/index.php (13)
2012/05/14 02:18:11 [error] [exception.CHttpException.404] exception 'CHttpException' with message 'Unable to resolve the request "favicon.ico".' in /var/www/yii/framework/web/CWebApplication.php:281
Stack trace:
#0 /var/www/yii/framework/web/CWebApplication.php(136): CWebApplication->runController('favicon.ico')
#1 /var/www/yii/framework/base/CApplication.php(158): CWebApplication->processRequest()
#2 /var/www/blog5/index.php(13): CApplication->run()
#3 {main} REQUEST_URI=/favicon.ico
2012/05/14 02:18:12 [error] [php] Undefined variable: post (/var/www/blog5/themes/classic/views/post/elfinder.php:36)
Stack trace:
#0 /var/www/yii/framework/web/CController.php(866): PostController->renderFile()
#1 /var/www/yii/framework/web/CController.php(779): PostController->renderPartial()
#2 /var/www/blog5/protected/controllers/PostController.php(167): PostController->render()
#3 /var/www/yii/framework/web/actions/CInlineAction.php(50): PostController->actionElfinder()
#4 /var/www/yii/framework/web/CController.php(300): CInlineAction->runWithParams()
#5 /var/www/yii/framework/web/filters/CFilterChain.php(134): PostController->runAction()
#6 /var/www/yii/framework/web/filters/CFilter.php(41): CFilterChain->run()
#7 /var/www/yii/framework/web/CController.php(1144): CAccessControlFilter->filter()
#8 /var/www/yii/framework/web/filters/CInlineFilter.php(59): PostController->filterAccessControl()
#9 /var/www/yii/framework/web/filters/CFilterChain.php(131): CInlineFilter->filter()
#10 /var/www/yii/framework/web/CController.php(283): CFilterChain->run()
#11 /var/www/yii/framework/web/CController.php(257): PostController->runActionWithFilters()
#12 /var/www/yii/framework/web/CWebApplication.php(277): PostController->run()
#13 /var/www/yii/framework/web/CWebApplication.php(136): CWebApplication->runController()
#14 /var/www/yii/framework/base/CApplication.php(158): CWebApplication->processRequest()
#15 /var/www/blog5/index.php(13): CWebApplication->run()
REQUEST_URI=/post/elfinder
in /var/www/blog5/themes/classic/views/post/elfinder.php (36)
in /var/www/blog5/protected/controllers/PostController.php (167)
in /var/www/blog5/index.php (13)
2012/05/14 02:18:12 [error] [exception.CHttpException.404] exception 'CHttpException' with message 'Unable to resolve the request "favicon.ico".' in /var/www/yii/framework/web/CWebApplication.php:281
Stack trace:
#0 /var/www/yii/framework/web/CWebApplication.php(136): CWebApplication->runController('favicon.ico')
#1 /var/www/yii/framework/base/CApplication.php(158): CWebApplication->processRequest()
#2 /var/www/blog5/index.php(13): CApplication->run()
#3 {main} REQUEST_URI=/favicon.ico
2012/05/14 02:18:12 [error] [php] Undefined variable: post (/var/www/blog5/themes/classic/views/post/elfinder.php:36)
Stack trace:
#0 /var/www/yii/framework/web/CController.php(866): PostController->renderFile()
#1 /var/www/yii/framework/web/CController.php(779): PostController->renderPartial()
#2 /var/www/blog5/protected/controllers/PostController.php(167): PostController->render()
#3 /var/www/yii/framework/web/actions/CInlineAction.php(50): PostController->actionElfinder()
#4 /var/www/yii/framework/web/CController.php(300): CInlineAction->runWithParams()
#5 /var/www/yii/framework/web/filters/CFilterChain.php(134): PostController->runAction()
#6 /var/www/yii/framework/web/filters/CFilter.php(41): CFilterChain->run()
#7 /var/www/yii/framework/web/CController.php(1144): CAccessControlFilter->filter()
#8 /var/www/yii/framework/web/filters/CInlineFilter.php(59): PostController->filterAccessControl()
#9 /var/www/yii/framework/web/filters/CFilterChain.php(131): CInlineFilter->filter()
#10 /var/www/yii/framework/web/CController.php(283): CFilterChain->run()
#11 /var/www/yii/framework/web/CController.php(257): PostController->runActionWithFilters()
#12 /var/www/yii/framework/web/CWebApplication.php(277): PostController->run()
#13 /var/www/yii/framework/web/CWebApplication.php(136): CWebApplication->runController()
#14 /var/www/yii/framework/base/CApplication.php(158): CWebApplication->processRequest()
#15 /var/www/blog5/index.php(13): CWebApplication->run()
REQUEST_URI=/post/elfinder
in /var/www/blog5/themes/classic/views/post/elfinder.php (36)
in /var/www/blog5/protected/controllers/PostController.php (167)
in /var/www/blog5/index.php (13)
2012/05/14 02:18:13 [error] [exception.CHttpException.404] exception 'CHttpException' with message 'Unable to resolve the request "favicon.ico".' in /var/www/yii/framework/web/CWebApplication.php:281
Stack trace:
#0 /var/www/yii/framework/web/CWebApplication.php(136): CWebApplication->runController('favicon.ico')
#1 /var/www/yii/framework/base/CApplication.php(158): CWebApplication->processRequest()
#2 /var/www/blog5/index.php(13): CApplication->run()
#3 {main} REQUEST_URI=/favicon.ico
2012/05/14 02:18:40 [error] [exception.CHttpException.404] exception 'CHttpException' with message 'The system is unable to find the requested action "highslide".' in /var/www/yii/framework/web/CController.php:477
Stack trace:
#0 /var/www/yii/framework/web/CController.php(262): CController->missingAction('highslide')
#1 /var/www/yii/framework/web/CWebApplication.php(277): CController->run('highslide')
#2 /var/www/yii/framework/web/CWebApplication.php(136): CWebApplication->runController('post/highslide/...')
#3 /var/www/yii/framework/base/CApplication.php(158): CWebApplication->processRequest()
#4 /var/www/blog5/index.php(13): CApplication->run()
#5 {main} REQUEST_URI=/post/highslide/graphics/outlines/drop-shadow.png
2012/05/14 02:18:40 [error] [exception.CHttpException.404] exception 'CHttpException' with message 'The system is unable to find the requested action "highslide".' in /var/www/yii/framework/web/CController.php:477
Stack trace:
#0 /var/www/yii/framework/web/CController.php(262): CController->missingAction('highslide')
#1 /var/www/yii/framework/web/CWebApplication.php(277): CController->run('highslide')
#2 /var/www/yii/framework/web/CWebApplication.php(136): CWebApplication->runController('post/highslide/...')
#3 /var/www/yii/framework/base/CApplication.php(158): CWebApplication->processRequest()
#4 /var/www/blog5/index.php(13): CApplication->run()
#5 {main} REQUEST_URI=/post/highslide/graphics/zoomout.cur
2012/05/14 02:18:40 [error] [exception.CHttpException.404] exception 'CHttpException' with message 'Unable to resolve the request "favicon.ico".' in /var/www/yii/framework/web/CWebApplication.php:281
Stack trace:
#0 /var/www/yii/framework/web/CWebApplication.php(136): CWebApplication->runController('favicon.ico')
#1 /var/www/yii/framework/base/CApplication.php(158): CWebApplication->processRequest()
#2 /var/www/blog5/index.php(13): CApplication->run()
#3 {main} REQUEST_URI=/favicon.ico
2012/05/14 02:19:01 [error] [exception.CHttpException.404] exception 'CHttpException' with message 'Unable to resolve the request "favicon.ico".' in /var/www/yii/framework/web/CWebApplication.php:281
Stack trace:
#0 /var/www/yii/framework/web/CWebApplication.php(136): CWebApplication->runController('favicon.ico')
#1 /var/www/yii/framework/base/CApplication.php(158): CWebApplication->processRequest()
#2 /var/www/blog5/index.php(13): CApplication->run()
#3 {main} REQUEST_URI=/favicon.ico
2012/05/14 02:19:09 [error] [exception.CHttpException.404] exception 'CHttpException' with message 'Unable to resolve the request "favicon.ico".' in /var/www/yii/framework/web/CWebApplication.php:281
Stack trace:
#0 /var/www/yii/framework/web/CWebApplication.php(136): CWebApplication->runController('favicon.ico')
#1 /var/www/yii/framework/base/CApplication.php(158): CWebApplication->processRequest()
#2 /var/www/blog5/index.php(13): CApplication->run()
#3 {main} REQUEST_URI=/favicon.ico
2012/05/14 02:20:23 [error] [exception.CException] exception 'CException' with message 'Property "Post.data" is not defined.' in /var/www/yii/framework/base/CComponent.php:131
Stack trace:
#0 /var/www/yii/framework/db/ar/CActiveRecord.php(129): CComponent->__get('data')
#1 /var/www/blog5/themes/classic/views/post/elfinder.php(13): CActiveRecord->__get('data')
#2 /var/www/yii/framework/web/CBaseController.php(119): require('/var/www/blog5/...')
#3 /var/www/yii/framework/web/CBaseController.php(88): CBaseController->renderInternal('/var/www/blog5/...', Array, true)
#4 /var/www/yii/framework/web/CController.php(866): CBaseController->renderFile('/var/www/blog5/...', Array, true)
#5 /var/www/yii/framework/web/CController.php(779): CController->renderPartial('elfinder', Array, true)
#6 /var/www/blog5/protected/controllers/PostController.php(167): CController->render('elfinder', Array)
#7 /var/www/yii/framework/web/actions/CInlineAction.php(50): PostController->actionElfinder()
#8 /var/www/yii/framework/web/CController.php(300): CInlineAction->runWithParams(Array)
#9 /var/www/yii/framework/web/filters/CFilterChain.php(134): CController->runAction(Object(CInlineAction))
#10 /var/www/yii/framework/web/filters/CFilter.php(41): CFilterChain->run()
#11 /var/www/yii/framework/web/CController.php(1144): CFilter->filter(Object(CFilterChain))
#12 /var/www/yii/framework/web/filters/CInlineFilter.php(59): CController->filterAccessControl(Object(CFilterChain))
#13 /var/www/yii/framework/web/filters/CFilterChain.php(131): CInlineFilter->filter(Object(CFilterChain))
#14 /var/www/yii/framework/web/CController.php(283): CFilterChain->run()
#15 /var/www/yii/framework/web/CController.php(257): CController->runActionWithFilters(Object(CInlineAction), Array)
#16 /var/www/yii/framework/web/CWebApplication.php(277): CController->run('elfinder')
#17 /var/www/yii/framework/web/CWebApplication.php(136): CWebApplication->runController('post/elfinder')
#18 /var/www/yii/framework/base/CApplication.php(158): CWebApplication->processRequest()
#19 /var/www/blog5/index.php(13): CApplication->run()
#20 {main} REQUEST_URI=/post/elfinder
2012/05/14 02:20:24 [error] [exception.CHttpException.404] exception 'CHttpException' with message 'Unable to resolve the request "favicon.ico".' in /var/www/yii/framework/web/CWebApplication.php:281
Stack trace:
#0 /var/www/yii/framework/web/CWebApplication.php(136): CWebApplication->runController('favicon.ico')
#1 /var/www/yii/framework/base/CApplication.php(158): CWebApplication->processRequest()
#2 /var/www/blog5/index.php(13): CApplication->run()
#3 {main} REQUEST_URI=/favicon.ico
2012/05/14 02:20:40 [error] [exception.CHttpException.404] exception 'CHttpException' with message 'The system is unable to find the requested action "highslide".' in /var/www/yii/framework/web/CController.php:477
Stack trace:
#0 /var/www/yii/framework/web/CController.php(262): CController->missingAction('highslide')
#1 /var/www/yii/framework/web/CWebApplication.php(277): CController->run('highslide')
#2 /var/www/yii/framework/web/CWebApplication.php(136): CWebApplication->runController('post/highslide/...')
#3 /var/www/yii/framework/base/CApplication.php(158): CWebApplication->processRequest()
#4 /var/www/blog5/index.php(13): CApplication->run()
#5 {main} REQUEST_URI=/post/highslide/graphics/outlines/drop-shadow.png
2012/05/14 02:20:40 [error] [exception.CHttpException.404] exception 'CHttpException' with message 'The system is unable to find the requested action "highslide".' in /var/www/yii/framework/web/CController.php:477
Stack trace:
#0 /var/www/yii/framework/web/CController.php(262): CController->missingAction('highslide')
#1 /var/www/yii/framework/web/CWebApplication.php(277): CController->run('highslide')
#2 /var/www/yii/framework/web/CWebApplication.php(136): CWebApplication->runController('post/highslide/...')
#3 /var/www/yii/framework/base/CApplication.php(158): CWebApplication->processRequest()
#4 /var/www/blog5/index.php(13): CApplication->run()
#5 {main} REQUEST_URI=/post/highslide/graphics/zoomout.cur
2012/05/14 02:20:40 [error] [exception.CHttpException.404] exception 'CHttpException' with message 'Unable to resolve the request "favicon.ico".' in /var/www/yii/framework/web/CWebApplication.php:281
Stack trace:
#0 /var/www/yii/framework/web/CWebApplication.php(136): CWebApplication->runController('favicon.ico')
#1 /var/www/yii/framework/base/CApplication.php(158): CWebApplication->processRequest()
#2 /var/www/blog5/index.php(13): CApplication->run()
#3 {main} REQUEST_URI=/favicon.ico
2012/05/14 02:20:48 [error] [exception.CHttpException.404] exception 'CHttpException' with message 'Unable to resolve the request "favicon.ico".' in /var/www/yii/framework/web/CWebApplication.php:281
Stack trace:
#0 /var/www/yii/framework/web/CWebApplication.php(136): CWebApplication->runController('favicon.ico')
#1 /var/www/yii/framework/base/CApplication.php(158): CWebApplication->processRequest()
#2 /var/www/blog5/index.php(13): CApplication->run()
#3 {main} REQUEST_URI=/favicon.ico
